2025-04-11 03:22:23,526 - CannyEdgeDetector - INFO - Resetting controller state
2025-04-11 03:22:23,528 - CannyEdgeDetector - INFO - Converting image to PNG: D:/Github Repositories/canny-edge-detector/images\bugs.jpg
2025-04-11 03:22:23,607 - CannyEdgeDetector - INFO - Processing image: D:\Github Repositories\canny-edge-detector\temp\tmp.png
2025-04-11 03:22:23,613 - CannyEdgeDetector - INFO - Detected 11 objects in image
2025-04-11 03:22:23,628 - CannyEdgeDetector - INFO - Converting image to PNG: D:/Github Repositories/canny-edge-detector/images\camomiles.jpg
2025-04-11 03:22:23,704 - CannyEdgeDetector - INFO - Processing image: D:\Github Repositories\canny-edge-detector\temp\tmp.png
2025-04-11 03:22:23,711 - CannyEdgeDetector - INFO - Detected 1 objects in image
2025-04-11 03:22:23,729 - CannyEdgeDetector - INFO - Converting image to PNG: D:/Github Repositories/canny-edge-detector/images\dogs.png
2025-04-11 03:22:23,885 - CannyEdgeDetector - INFO - Processing image: D:\Github Repositories\canny-edge-detector\temp\tmp.png
2025-04-11 03:22:23,891 - CannyEdgeDetector - INFO - Detected 81 objects in image
2025-04-11 03:22:23,905 - CannyEdgeDetector - INFO - Converting image to PNG: D:/Github Repositories/canny-edge-detector/images\geckos.png
2025-04-11 03:22:23,996 - CannyEdgeDetector - INFO - Processing image: D:\Github Repositories\canny-edge-detector\temp\tmp.png
2025-04-11 03:22:24,005 - CannyEdgeDetector - INFO - Detected 7 objects in image
2025-04-11 03:22:24,019 - CannyEdgeDetector - INFO - Converting image to PNG: D:/Github Repositories/canny-edge-detector/images\knife.png
2025-04-11 03:22:24,088 - CannyEdgeDetector - INFO - Processing image: D:\Github Repositories\canny-edge-detector\temp\tmp.png
2025-04-11 03:22:24,096 - CannyEdgeDetector - INFO - Detected 1 objects in image
2025-04-11 03:22:25,357 - CannyEdgeDetector - INFO - Converting image to PNG: D:/Github Repositories/canny-edge-detector/images\camomiles.jpg
2025-04-11 03:22:25,433 - CannyEdgeDetector - INFO - Processing image: D:\Github Repositories\canny-edge-detector\temp\tmp.png
2025-04-11 03:22:25,438 - CannyEdgeDetector - INFO - Detected 1 objects in image
2025-04-11 03:22:26,145 - CannyEdgeDetector - INFO - Converting image to PNG: D:/Github Repositories/canny-edge-detector/images\geckos.png
2025-04-11 03:22:26,241 - CannyEdgeDetector - INFO - Processing image: D:\Github Repositories\canny-edge-detector\temp\tmp.png
2025-04-11 03:22:26,251 - CannyEdgeDetector - INFO - Detected 7 objects in image
2025-04-11 03:22:26,837 - CannyEdgeDetector - INFO - Converting image to PNG: D:/Github Repositories/canny-edge-detector/images\knife.png
2025-04-11 03:22:26,906 - CannyEdgeDetector - INFO - Processing image: D:\Github Repositories\canny-edge-detector\temp\tmp.png
2025-04-11 03:22:26,913 - CannyEdgeDetector - INFO - Detected 1 objects in image
2025-04-11 03:22:27,436 - CannyEdgeDetector - INFO - Converting image to PNG: D:/Github Repositories/canny-edge-detector/images\dogs.png
2025-04-11 03:22:27,525 - CannyEdgeDetector - INFO - Processing image: D:\Github Repositories\canny-edge-detector\temp\tmp.png
2025-04-11 03:22:27,530 - CannyEdgeDetector - INFO - Detected 81 objects in image
2025-04-11 03:22:28,588 - CannyEdgeDetector - INFO - Converting image to PNG: D:/Github Repositories/canny-edge-detector/images\bugs.jpg
2025-04-11 03:22:28,626 - CannyEdgeDetector - INFO - Processing image: D:\Github Repositories\canny-edge-detector\temp\tmp.png
2025-04-11 03:22:28,629 - CannyEdgeDetector - INFO - Detected 11 objects in image
2025-04-11 03:22:32,834 - CannyEdgeDetector - INFO - Resetting controller state
2025-04-11 03:22:32,837 - CannyEdgeDetector - INFO - Converting image to PNG: D:/Github Repositories/canny-edge-detector/images\bugs.jpg
2025-04-11 03:22:32,875 - CannyEdgeDetector - INFO - Processing image: D:\Github Repositories\canny-edge-detector\temp\tmp.png
2025-04-11 03:22:32,878 - CannyEdgeDetector - INFO - Detected 11 objects in image
2025-04-11 03:22:32,891 - CannyEdgeDetector - INFO - Converting image to PNG: D:/Github Repositories/canny-edge-detector/images\camomiles.jpg
2025-04-11 03:22:32,968 - CannyEdgeDetector - INFO - Processing image: D:\Github Repositories\canny-edge-detector\temp\tmp.png
2025-04-11 03:22:32,974 - CannyEdgeDetector - INFO - Detected 1 objects in image
2025-04-11 03:22:32,989 - CannyEdgeDetector - INFO - Converting image to PNG: D:/Github Repositories/canny-edge-detector/images\dogs.png
2025-04-11 03:22:33,081 - CannyEdgeDetector - INFO - Processing image: D:\Github Repositories\canny-edge-detector\temp\tmp.png
2025-04-11 03:22:33,086 - CannyEdgeDetector - INFO - Detected 81 objects in image
2025-04-11 03:22:33,102 - CannyEdgeDetector - INFO - Converting image to PNG: D:/Github Repositories/canny-edge-detector/images\geckos.png
2025-04-11 03:22:33,197 - CannyEdgeDetector - INFO - Processing image: D:\Github Repositories\canny-edge-detector\temp\tmp.png
2025-04-11 03:22:33,206 - CannyEdgeDetector - INFO - Detected 7 objects in image
2025-04-11 03:22:33,221 - CannyEdgeDetector - INFO - Converting image to PNG: D:/Github Repositories/canny-edge-detector/images\knife.png
2025-04-11 03:22:33,291 - CannyEdgeDetector - INFO - Processing image: D:\Github Repositories\canny-edge-detector\temp\tmp.png
2025-04-11 03:22:33,299 - CannyEdgeDetector - INFO - Detected 1 objects in image
2025-04-11 03:22:35,575 - CannyEdgeDetector - INFO - Converting image to PNG: D:/Github Repositories/canny-edge-detector/images\dogs.png
2025-04-11 03:22:35,667 - CannyEdgeDetector - INFO - Processing image: D:\Github Repositories\canny-edge-detector\temp\tmp.png
2025-04-11 03:22:35,673 - CannyEdgeDetector - INFO - Detected 81 objects in image
2025-04-11 03:22:36,669 - CannyEdgeDetector - INFO - Converting image to PNG: D:/Github Repositories/canny-edge-detector/images\geckos.png
2025-04-11 03:22:36,759 - CannyEdgeDetector - INFO - Processing image: D:\Github Repositories\canny-edge-detector\temp\tmp.png
2025-04-11 03:22:36,768 - CannyEdgeDetector - INFO - Detected 7 objects in image
2025-04-11 03:22:37,564 - CannyEdgeDetector - INFO - Converting image to PNG: D:/Github Repositories/canny-edge-detector/images\knife.png
2025-04-11 03:22:37,635 - CannyEdgeDetector - INFO - Processing image: D:\Github Repositories\canny-edge-detector\temp\tmp.png
2025-04-11 03:22:37,642 - CannyEdgeDetector - INFO - Detected 1 objects in image
2025-04-11 03:22:38,204 - CannyEdgeDetector - INFO - Converting image to PNG: D:/Github Repositories/canny-edge-detector/images\camomiles.jpg
2025-04-11 03:22:38,283 - CannyEdgeDetector - INFO - Processing image: D:\Github Repositories\canny-edge-detector\temp\tmp.png
2025-04-11 03:22:38,289 - CannyEdgeDetector - INFO - Detected 1 objects in image
2025-04-11 03:22:38,724 - CannyEdgeDetector - INFO - Converting image to PNG: D:/Github Repositories/canny-edge-detector/images\dogs.png
2025-04-11 03:22:38,828 - CannyEdgeDetector - INFO - Processing image: D:\Github Repositories\canny-edge-detector\temp\tmp.png
2025-04-11 03:22:38,835 - CannyEdgeDetector - INFO - Detected 81 objects in image
2025-04-11 03:22:39,288 - CannyEdgeDetector - INFO - Converting image to PNG: D:/Github Repositories/canny-edge-detector/images\geckos.png
2025-04-11 03:22:39,383 - CannyEdgeDetector - INFO - Processing image: D:\Github Repositories\canny-edge-detector\temp\tmp.png
2025-04-11 03:22:39,392 - CannyEdgeDetector - INFO - Detected 7 objects in image
2025-04-11 03:22:40,344 - CannyEdgeDetector - INFO - Converting image to PNG: D:/Github Repositories/canny-edge-detector/images\knife.png
2025-04-11 03:22:40,414 - CannyEdgeDetector - INFO - Processing image: D:\Github Repositories\canny-edge-detector\temp\tmp.png
2025-04-11 03:22:40,420 - CannyEdgeDetector - INFO - Detected 1 objects in image
2025-04-11 03:22:41,273 - CannyEdgeDetector - INFO - Converting image to PNG: D:/Github Repositories/canny-edge-detector/images\geckos.png
2025-04-11 03:22:41,363 - CannyEdgeDetector - INFO - Processing image: D:\Github Repositories\canny-edge-detector\temp\tmp.png
2025-04-11 03:22:41,372 - CannyEdgeDetector - INFO - Detected 7 objects in image
2025-04-11 03:22:41,900 - CannyEdgeDetector - INFO - Converting image to PNG: D:/Github Repositories/canny-edge-detector/images\dogs.png
2025-04-11 03:22:42,001 - CannyEdgeDetector - INFO - Processing image: D:\Github Repositories\canny-edge-detector\temp\tmp.png
2025-04-11 03:22:42,007 - CannyEdgeDetector - INFO - Detected 81 objects in image
2025-04-11 03:22:42,712 - CannyEdgeDetector - INFO - Converting image to PNG: D:/Github Repositories/canny-edge-detector/images\geckos.png
2025-04-11 03:22:42,804 - CannyEdgeDetector - INFO - Processing image: D:\Github Repositories\canny-edge-detector\temp\tmp.png
2025-04-11 03:22:42,814 - CannyEdgeDetector - INFO - Detected 7 objects in image
2025-04-11 03:22:48,166 - CannyEdgeDetector - INFO - Resetting controller state
2025-04-11 03:22:48,168 - CannyEdgeDetector - INFO - Converting image to PNG: D:/Github Repositories/canny-edge-detector/images\bugs.jpg
2025-04-11 03:22:48,206 - CannyEdgeDetector - INFO - Processing image: D:\Github Repositories\canny-edge-detector\temp\tmp.png
2025-04-11 03:22:48,210 - CannyEdgeDetector - INFO - Detected 11 objects in image
2025-04-11 03:22:48,224 - CannyEdgeDetector - INFO - Converting image to PNG: D:/Github Repositories/canny-edge-detector/images\camomiles.jpg
2025-04-11 03:22:48,313 - CannyEdgeDetector - INFO - Processing image: D:\Github Repositories\canny-edge-detector\temp\tmp.png
2025-04-11 03:22:48,320 - CannyEdgeDetector - INFO - Detected 1 objects in image
2025-04-11 03:22:48,335 - CannyEdgeDetector - INFO - Converting image to PNG: D:/Github Repositories/canny-edge-detector/images\dogs.png
2025-04-11 03:22:48,427 - CannyEdgeDetector - INFO - Processing image: D:\Github Repositories\canny-edge-detector\temp\tmp.png
2025-04-11 03:22:48,433 - CannyEdgeDetector - INFO - Detected 11 objects in image
2025-04-11 03:22:48,449 - CannyEdgeDetector - INFO - Converting image to PNG: D:/Github Repositories/canny-edge-detector/images\geckos.png
2025-04-11 03:22:48,540 - CannyEdgeDetector - INFO - Processing image: D:\Github Repositories\canny-edge-detector\temp\tmp.png
2025-04-11 03:22:48,549 - CannyEdgeDetector - INFO - Detected 3 objects in image
2025-04-11 03:22:48,562 - CannyEdgeDetector - INFO - Converting image to PNG: D:/Github Repositories/canny-edge-detector/images\knife.png
2025-04-11 03:22:48,631 - CannyEdgeDetector - INFO - Processing image: D:\Github Repositories\canny-edge-detector\temp\tmp.png
2025-04-11 03:22:48,636 - CannyEdgeDetector - INFO - Detected 1 objects in image
2025-04-11 03:22:49,832 - CannyEdgeDetector - INFO - Converting image to PNG: D:/Github Repositories/canny-edge-detector/images\dogs.png
2025-04-11 03:22:49,920 - CannyEdgeDetector - INFO - Processing image: D:\Github Repositories\canny-edge-detector\temp\tmp.png
2025-04-11 03:22:49,925 - CannyEdgeDetector - INFO - Detected 11 objects in image
2025-04-11 03:22:50,645 - CannyEdgeDetector - INFO - Converting image to PNG: D:/Github Repositories/canny-edge-detector/images\geckos.png
2025-04-11 03:22:50,734 - CannyEdgeDetector - INFO - Processing image: D:\Github Repositories\canny-edge-detector\temp\tmp.png
2025-04-11 03:22:50,743 - CannyEdgeDetector - INFO - Detected 3 objects in image
2025-04-11 03:22:51,632 - CannyEdgeDetector - INFO - Converting image to PNG: D:/Github Repositories/canny-edge-detector/images\knife.png
2025-04-11 03:22:51,701 - CannyEdgeDetector - INFO - Processing image: D:\Github Repositories\canny-edge-detector\temp\tmp.png
2025-04-11 03:22:51,707 - CannyEdgeDetector - INFO - Detected 1 objects in image
2025-04-11 03:22:52,748 - CannyEdgeDetector - INFO - Converting image to PNG: D:/Github Repositories/canny-edge-detector/images\camomiles.jpg
2025-04-11 03:22:52,824 - CannyEdgeDetector - INFO - Processing image: D:\Github Repositories\canny-edge-detector\temp\tmp.png
2025-04-11 03:22:52,832 - CannyEdgeDetector - INFO - Detected 1 objects in image
