2025-04-10 14:50:55,535 - CannyEdgeDetector - INFO - ImageViewer initialized
2025-04-10 14:50:55,535 - CannyEdgeDetector - INFO - EdgeDetector initialized
2025-04-10 14:51:00,814 - CannyEdgeDetector - INFO - Resetting viewer state
2025-04-10 14:51:00,815 - CannyEdgeDetector - INFO - Total object count reset
2025-04-10 14:51:00,816 - CannyEdgeDetector - INFO - Converting image to PNG: D:/Github Repositories/canny-edge-detector/images\bugs.jpg
2025-04-10 14:51:00,904 - CannyEdgeDetector - INFO - Processing image: D:\Github Repositories\canny-edge-detector\temp\tmp.png
2025-04-10 14:51:00,911 - CannyEdgeDetector - INFO - Detected 11 objects in image
2025-04-10 14:51:00,964 - CannyEdgeDetector - INFO - Total object count updated to: 11
2025-04-10 14:51:00,965 - CannyEdgeDetector - INFO - Converting image to PNG: D:/Github Repositories/canny-edge-detector/images\camomiles.jpg
2025-04-10 14:51:01,069 - CannyEdgeDetector - INFO - Processing image: D:\Github Repositories\canny-edge-detector\temp\tmp.png
2025-04-10 14:51:01,074 - CannyEdgeDetector - INFO - Detected 1 objects in image
2025-04-10 14:51:01,175 - CannyEdgeDetector - INFO - Total object count updated to: 12
2025-04-10 14:51:01,176 - CannyEdgeDetector - INFO - Converting image to PNG: D:/Github Repositories/canny-edge-detector/images\dogs.png
2025-04-10 14:51:01,369 - CannyEdgeDetector - INFO - Processing image: D:\Github Repositories\canny-edge-detector\temp\tmp.png
2025-04-10 14:51:01,374 - CannyEdgeDetector - INFO - Detected 81 objects in image
2025-04-10 14:51:01,448 - CannyEdgeDetector - INFO - Total object count updated to: 93
2025-04-10 14:51:01,448 - CannyEdgeDetector - INFO - Converting image to PNG: D:/Github Repositories/canny-edge-detector/images\geckos.png
2025-04-10 14:51:01,568 - CannyEdgeDetector - INFO - Processing image: D:\Github Repositories\canny-edge-detector\temp\tmp.png
2025-04-10 14:51:01,578 - CannyEdgeDetector - INFO - Detected 7 objects in image
2025-04-10 14:51:01,671 - CannyEdgeDetector - INFO - Total object count updated to: 100
2025-04-10 14:51:01,671 - CannyEdgeDetector - INFO - Converting image to PNG: D:/Github Repositories/canny-edge-detector/images\knife.png
2025-04-10 14:51:01,755 - CannyEdgeDetector - INFO - Processing image: D:\Github Repositories\canny-edge-detector\temp\tmp.png
2025-04-10 14:51:01,763 - CannyEdgeDetector - INFO - Detected 1 objects in image
2025-04-10 14:51:01,825 - CannyEdgeDetector - INFO - Total object count updated to: 101
2025-04-10 14:51:06,348 - CannyEdgeDetector - INFO - Converting image to PNG: D:/Github Repositories/canny-edge-detector/images\bugs.jpg
2025-04-10 14:51:06,402 - CannyEdgeDetector - INFO - Processing image: D:\Github Repositories\canny-edge-detector\temp\tmp.png
2025-04-10 14:51:06,405 - CannyEdgeDetector - INFO - Detected 11 objects in image
2025-04-10 14:51:07,220 - CannyEdgeDetector - INFO - Converting image to PNG: D:/Github Repositories/canny-edge-detector/images\camomiles.jpg
2025-04-10 14:51:07,325 - CannyEdgeDetector - INFO - Processing image: D:\Github Repositories\canny-edge-detector\temp\tmp.png
2025-04-10 14:51:07,330 - CannyEdgeDetector - INFO - Detected 1 objects in image
2025-04-10 14:51:08,323 - CannyEdgeDetector - INFO - Converting image to PNG: D:/Github Repositories/canny-edge-detector/images\dogs.png
2025-04-10 14:51:08,436 - CannyEdgeDetector - INFO - Processing image: D:\Github Repositories\canny-edge-detector\temp\tmp.png
2025-04-10 14:51:08,441 - CannyEdgeDetector - INFO - Detected 81 objects in image
2025-04-10 14:51:08,896 - CannyEdgeDetector - INFO - Converting image to PNG: D:/Github Repositories/canny-edge-detector/images\knife.png
2025-04-10 14:51:08,980 - CannyEdgeDetector - INFO - Processing image: D:\Github Repositories\canny-edge-detector\temp\tmp.png
2025-04-10 14:51:08,987 - CannyEdgeDetector - INFO - Detected 1 objects in image
2025-04-10 14:51:09,612 - CannyEdgeDetector - INFO - Converting image to PNG: D:/Github Repositories/canny-edge-detector/images\dogs.png
2025-04-10 14:51:09,727 - CannyEdgeDetector - INFO - Processing image: D:\Github Repositories\canny-edge-detector\temp\tmp.png
2025-04-10 14:51:09,732 - CannyEdgeDetector - INFO - Detected 81 objects in image
2025-04-10 14:51:12,144 - CannyEdgeDetector - INFO - Converting image to PNG: D:/Github Repositories/canny-edge-detector/images\knife.png
2025-04-10 14:51:12,236 - CannyEdgeDetector - INFO - Processing image: D:\Github Repositories\canny-edge-detector\temp\tmp.png
2025-04-10 14:51:12,243 - CannyEdgeDetector - INFO - Detected 1 objects in image
2025-04-10 14:51:13,076 - CannyEdgeDetector - INFO - Converting image to PNG: D:/Github Repositories/canny-edge-detector/images\geckos.png
2025-04-10 14:51:13,195 - CannyEdgeDetector - INFO - Processing image: D:\Github Repositories\canny-edge-detector\temp\tmp.png
2025-04-10 14:51:13,205 - CannyEdgeDetector - INFO - Detected 7 objects in image
2025-04-10 14:51:13,655 - CannyEdgeDetector - INFO - Converting image to PNG: D:/Github Repositories/canny-edge-detector/images\camomiles.jpg
2025-04-10 14:51:13,758 - CannyEdgeDetector - INFO - Processing image: D:\Github Repositories\canny-edge-detector\temp\tmp.png
2025-04-10 14:51:13,764 - CannyEdgeDetector - INFO - Detected 1 objects in image
2025-04-10 14:51:14,156 - CannyEdgeDetector - INFO - Converting image to PNG: D:/Github Repositories/canny-edge-detector/images\knife.png
2025-04-10 14:51:14,241 - CannyEdgeDetector - INFO - Processing image: D:\Github Repositories\canny-edge-detector\temp\tmp.png
2025-04-10 14:51:14,248 - CannyEdgeDetector - INFO - Detected 1 objects in image
2025-04-10 14:51:14,656 - CannyEdgeDetector - INFO - Converting image to PNG: D:/Github Repositories/canny-edge-detector/images\knife.png
2025-04-10 14:51:14,738 - CannyEdgeDetector - INFO - Processing image: D:\Github Repositories\canny-edge-detector\temp\tmp.png
2025-04-10 14:51:14,745 - CannyEdgeDetector - INFO - Detected 1 objects in image
2025-04-10 14:51:15,227 - CannyEdgeDetector - INFO - Converting image to PNG: D:/Github Repositories/canny-edge-detector/images\knife.png
2025-04-10 14:51:15,308 - CannyEdgeDetector - INFO - Processing image: D:\Github Repositories\canny-edge-detector\temp\tmp.png
2025-04-10 14:51:15,314 - CannyEdgeDetector - INFO - Detected 1 objects in image
2025-04-10 14:51:51,122 - CannyEdgeDetector - INFO - Resetting viewer state
2025-04-10 14:51:51,123 - CannyEdgeDetector - INFO - Total object count reset
2025-04-10 14:51:51,124 - CannyEdgeDetector - INFO - Converting image to PNG: D:/Github Repositories/canny-edge-detector/images\bugs.jpg
2025-04-10 14:51:51,180 - CannyEdgeDetector - INFO - Processing image: D:\Github Repositories\canny-edge-detector\temp\tmp.png
2025-04-10 14:51:51,183 - CannyEdgeDetector - INFO - Detected 13 objects in image
2025-04-10 14:51:51,243 - CannyEdgeDetector - INFO - Total object count updated to: 13
2025-04-10 14:51:51,244 - CannyEdgeDetector - INFO - Converting image to PNG: D:/Github Repositories/canny-edge-detector/images\camomiles.jpg
2025-04-10 14:51:51,347 - CannyEdgeDetector - INFO - Processing image: D:\Github Repositories\canny-edge-detector\temp\tmp.png
2025-04-10 14:51:51,352 - CannyEdgeDetector - INFO - Detected 11 objects in image
2025-04-10 14:51:51,424 - CannyEdgeDetector - INFO - Total object count updated to: 24
2025-04-10 14:51:51,424 - CannyEdgeDetector - INFO - Converting image to PNG: D:/Github Repositories/canny-edge-detector/images\dogs.png
2025-04-10 14:51:51,535 - CannyEdgeDetector - INFO - Processing image: D:\Github Repositories\canny-edge-detector\temp\tmp.png
2025-04-10 14:51:51,537 - CannyEdgeDetector - INFO - Detected 14 objects in image
2025-04-10 14:51:51,606 - CannyEdgeDetector - INFO - Total object count updated to: 38
2025-04-10 14:51:51,607 - CannyEdgeDetector - INFO - Converting image to PNG: D:/Github Repositories/canny-edge-detector/images\geckos.png
2025-04-10 14:51:51,724 - CannyEdgeDetector - INFO - Processing image: D:\Github Repositories\canny-edge-detector\temp\tmp.png
2025-04-10 14:51:51,732 - CannyEdgeDetector - INFO - Detected 17 objects in image
2025-04-10 14:51:51,825 - CannyEdgeDetector - INFO - Total object count updated to: 55
2025-04-10 14:51:51,826 - CannyEdgeDetector - INFO - Converting image to PNG: D:/Github Repositories/canny-edge-detector/images\knife.png
2025-04-10 14:51:51,909 - CannyEdgeDetector - INFO - Processing image: D:\Github Repositories\canny-edge-detector\temp\tmp.png
2025-04-10 14:51:51,914 - CannyEdgeDetector - INFO - Detected 1 objects in image
2025-04-10 14:51:51,974 - CannyEdgeDetector - INFO - Total object count updated to: 56
2025-04-10 14:51:53,107 - CannyEdgeDetector - INFO - Converting image to PNG: D:/Github Repositories/canny-edge-detector/images\dogs.png
2025-04-10 14:51:53,234 - CannyEdgeDetector - INFO - Processing image: D:\Github Repositories\canny-edge-detector\temp\tmp.png
2025-04-10 14:51:53,238 - CannyEdgeDetector - INFO - Detected 14 objects in image
2025-04-10 14:51:53,896 - CannyEdgeDetector - INFO - Converting image to PNG: D:/Github Repositories/canny-edge-detector/images\geckos.png
2025-04-10 14:51:54,015 - CannyEdgeDetector - INFO - Processing image: D:\Github Repositories\canny-edge-detector\temp\tmp.png
2025-04-10 14:51:54,024 - CannyEdgeDetector - INFO - Detected 17 objects in image
2025-04-10 14:51:55,007 - CannyEdgeDetector - INFO - Converting image to PNG: D:/Github Repositories/canny-edge-detector/images\camomiles.jpg
2025-04-10 14:51:55,109 - CannyEdgeDetector - INFO - Processing image: D:\Github Repositories\canny-edge-detector\temp\tmp.png
2025-04-10 14:51:55,114 - CannyEdgeDetector - INFO - Detected 11 objects in image
2025-04-10 14:51:55,939 - CannyEdgeDetector - INFO - Converting image to PNG: D:/Github Repositories/canny-edge-detector/images\knife.png
2025-04-10 14:51:56,020 - CannyEdgeDetector - INFO - Processing image: D:\Github Repositories\canny-edge-detector\temp\tmp.png
2025-04-10 14:51:56,025 - CannyEdgeDetector - INFO - Detected 1 objects in image
2025-04-10 14:51:56,410 - CannyEdgeDetector - INFO - Converting image to PNG: D:/Github Repositories/canny-edge-detector/images\geckos.png
2025-04-10 14:51:56,529 - CannyEdgeDetector - INFO - Processing image: D:\Github Repositories\canny-edge-detector\temp\tmp.png
2025-04-10 14:51:56,536 - CannyEdgeDetector - INFO - Detected 17 objects in image
2025-04-10 14:51:57,011 - CannyEdgeDetector - INFO - Converting image to PNG: D:/Github Repositories/canny-edge-detector/images\dogs.png
2025-04-10 14:51:57,127 - CannyEdgeDetector - INFO - Processing image: D:\Github Repositories\canny-edge-detector\temp\tmp.png
2025-04-10 14:51:57,131 - CannyEdgeDetector - INFO - Detected 14 objects in image
2025-04-10 14:51:57,472 - CannyEdgeDetector - INFO - Converting image to PNG: D:/Github Repositories/canny-edge-detector/images\camomiles.jpg
2025-04-10 14:51:57,576 - CannyEdgeDetector - INFO - Processing image: D:\Github Repositories\canny-edge-detector\temp\tmp.png
2025-04-10 14:51:57,580 - CannyEdgeDetector - INFO - Detected 11 objects in image
2025-04-10 14:51:57,858 - CannyEdgeDetector - INFO - Converting image to PNG: D:/Github Repositories/canny-edge-detector/images\bugs.jpg
2025-04-10 14:51:57,912 - CannyEdgeDetector - INFO - Processing image: D:\Github Repositories\canny-edge-detector\temp\tmp.png
2025-04-10 14:51:57,916 - CannyEdgeDetector - INFO - Detected 13 objects in image
2025-04-10 14:51:58,404 - CannyEdgeDetector - INFO - Converting image to PNG: D:/Github Repositories/canny-edge-detector/images\geckos.png
2025-04-10 14:51:58,522 - CannyEdgeDetector - INFO - Processing image: D:\Github Repositories\canny-edge-detector\temp\tmp.png
2025-04-10 14:51:58,531 - CannyEdgeDetector - INFO - Detected 17 objects in image
2025-04-10 14:51:58,639 - CannyEdgeDetector - INFO - Converting image to PNG: D:/Github Repositories/canny-edge-detector/images\knife.png
2025-04-10 14:51:58,722 - CannyEdgeDetector - INFO - Processing image: D:\Github Repositories\canny-edge-detector\temp\tmp.png
2025-04-10 14:51:58,727 - CannyEdgeDetector - INFO - Detected 1 objects in image
2025-04-10 14:51:58,951 - CannyEdgeDetector - INFO - Converting image to PNG: D:/Github Repositories/canny-edge-detector/images\dogs.png
2025-04-10 14:51:59,066 - CannyEdgeDetector - INFO - Processing image: D:\Github Repositories\canny-edge-detector\temp\tmp.png
2025-04-10 14:51:59,069 - CannyEdgeDetector - INFO - Detected 14 objects in image
2025-04-10 14:51:59,456 - CannyEdgeDetector - INFO - Converting image to PNG: D:/Github Repositories/canny-edge-detector/images\dogs.png
2025-04-10 14:51:59,568 - CannyEdgeDetector - INFO - Processing image: D:\Github Repositories\canny-edge-detector\temp\tmp.png
2025-04-10 14:51:59,571 - CannyEdgeDetector - INFO - Detected 14 objects in image
2025-04-10 14:52:00,044 - CannyEdgeDetector - INFO - Converting image to PNG: D:/Github Repositories/canny-edge-detector/images\geckos.png
2025-04-10 14:52:00,165 - CannyEdgeDetector - INFO - Processing image: D:\Github Repositories\canny-edge-detector\temp\tmp.png
2025-04-10 14:52:00,173 - CannyEdgeDetector - INFO - Detected 17 objects in image
2025-04-10 14:52:00,290 - CannyEdgeDetector - INFO - Converting image to PNG: D:/Github Repositories/canny-edge-detector/images\knife.png
2025-04-10 14:52:00,374 - CannyEdgeDetector - INFO - Processing image: D:\Github Repositories\canny-edge-detector\temp\tmp.png
2025-04-10 14:52:00,378 - CannyEdgeDetector - INFO - Detected 1 objects in image
2025-04-10 14:52:00,603 - CannyEdgeDetector - INFO - Converting image to PNG: D:/Github Repositories/canny-edge-detector/images\camomiles.jpg
2025-04-10 14:52:00,708 - CannyEdgeDetector - INFO - Processing image: D:\Github Repositories\canny-edge-detector\temp\tmp.png
2025-04-10 14:52:00,711 - CannyEdgeDetector - INFO - Detected 11 objects in image
2025-04-10 14:52:01,348 - CannyEdgeDetector - INFO - Converting image to PNG: D:/Github Repositories/canny-edge-detector/images\bugs.jpg
2025-04-10 14:52:01,401 - CannyEdgeDetector - INFO - Processing image: D:\Github Repositories\canny-edge-detector\temp\tmp.png
2025-04-10 14:52:01,404 - CannyEdgeDetector - INFO - Detected 13 objects in image
2025-04-10 14:52:01,632 - CannyEdgeDetector - INFO - Converting image to PNG: D:/Github Repositories/canny-edge-detector/images\dogs.png
2025-04-10 14:52:01,746 - CannyEdgeDetector - INFO - Processing image: D:\Github Repositories\canny-edge-detector\temp\tmp.png
2025-04-10 14:52:01,750 - CannyEdgeDetector - INFO - Detected 14 objects in image
2025-04-10 14:52:01,819 - CannyEdgeDetector - INFO - Converting image to PNG: D:/Github Repositories/canny-edge-detector/images\knife.png
2025-04-10 14:52:01,907 - CannyEdgeDetector - INFO - Processing image: D:\Github Repositories\canny-edge-detector\temp\tmp.png
2025-04-10 14:52:01,912 - CannyEdgeDetector - INFO - Detected 1 objects in image
2025-04-10 14:52:02,011 - CannyEdgeDetector - INFO - Converting image to PNG: D:/Github Repositories/canny-edge-detector/images\dogs.png
2025-04-10 14:52:02,126 - CannyEdgeDetector - INFO - Processing image: D:\Github Repositories\canny-edge-detector\temp\tmp.png
2025-04-10 14:52:02,130 - CannyEdgeDetector - INFO - Detected 14 objects in image
