2025-04-10 19:43:31,466 - CannyEdgeDetector - INFO - Resetting controller state
2025-04-10 19:43:31,468 - CannyEdgeDetector - INFO - Converting image to PNG: D:/Github Repositories/canny-edge-detector/images\bugs.jpg
2025-04-10 19:43:31,526 - CannyEdgeDetector - INFO - Processing image: D:\Github Repositories\canny-edge-detector\temp\tmp.png
2025-04-10 19:43:31,533 - CannyEdgeDetector - INFO - Detected 11 objects in image
2025-04-10 19:43:31,541 - CannyEdgeDetector - INFO - Converting image to PNG: D:/Github Repositories/canny-edge-detector/images\camomiles.jpg
2025-04-10 19:43:31,617 - CannyEdgeDetector - INFO - Processing image: D:\Github Repositories\canny-edge-detector\temp\tmp.png
2025-04-10 19:43:31,624 - CannyEdgeDetector - INFO - Detected 1 objects in image
2025-04-10 19:43:31,632 - CannyEdgeDetector - INFO - Converting image to PNG: D:/Github Repositories/canny-edge-detector/images\dogs.png
2025-04-10 19:43:31,787 - CannyEdgeDetector - INFO - Processing image: D:\Github Repositories\canny-edge-detector\temp\tmp.png
2025-04-10 19:43:31,793 - CannyEdgeDetector - INFO - Detected 81 objects in image
2025-04-10 19:43:31,800 - CannyEdgeDetector - INFO - Converting image to PNG: D:/Github Repositories/canny-edge-detector/images\geckos.png
2025-04-10 19:43:31,890 - CannyEdgeDetector - INFO - Processing image: D:\Github Repositories\canny-edge-detector\temp\tmp.png
2025-04-10 19:43:31,898 - CannyEdgeDetector - INFO - Detected 7 objects in image
2025-04-10 19:43:31,906 - CannyEdgeDetector - INFO - Converting image to PNG: D:/Github Repositories/canny-edge-detector/images\knife.png
2025-04-10 19:43:31,975 - CannyEdgeDetector - INFO - Processing image: D:\Github Repositories\canny-edge-detector\temp\tmp.png
2025-04-10 19:43:31,982 - CannyEdgeDetector - INFO - Detected 1 objects in image
2025-04-10 19:43:32,893 - CannyEdgeDetector - INFO - Converting image to PNG: D:/Github Repositories/canny-edge-detector/images\bugs.jpg
2025-04-10 19:43:32,933 - CannyEdgeDetector - INFO - Processing image: D:\Github Repositories\canny-edge-detector\temp\tmp.png
2025-04-10 19:43:32,936 - CannyEdgeDetector - INFO - Detected 11 objects in image
2025-04-10 19:43:33,544 - CannyEdgeDetector - INFO - Converting image to PNG: D:/Github Repositories/canny-edge-detector/images\camomiles.jpg
2025-04-10 19:43:33,620 - CannyEdgeDetector - INFO - Processing image: D:\Github Repositories\canny-edge-detector\temp\tmp.png
2025-04-10 19:43:33,626 - CannyEdgeDetector - INFO - Detected 1 objects in image
2025-04-10 19:43:33,937 - CannyEdgeDetector - INFO - Converting image to PNG: D:/Github Repositories/canny-edge-detector/images\geckos.png
2025-04-10 19:43:34,026 - CannyEdgeDetector - INFO - Processing image: D:\Github Repositories\canny-edge-detector\temp\tmp.png
2025-04-10 19:43:34,035 - CannyEdgeDetector - INFO - Detected 7 objects in image
2025-04-10 19:43:36,667 - CannyEdgeDetector - INFO - Converting image to PNG: D:/Github Repositories/canny-edge-detector/images\dogs.png
2025-04-10 19:43:36,771 - CannyEdgeDetector - INFO - Processing image: D:\Github Repositories\canny-edge-detector\temp\tmp.png
2025-04-10 19:43:36,778 - CannyEdgeDetector - INFO - Detected 81 objects in image
2025-04-10 19:43:40,019 - CannyEdgeDetector - INFO - Converting image to PNG: D:/Github Repositories/canny-edge-detector/images\camomiles.jpg
2025-04-10 19:43:40,095 - CannyEdgeDetector - INFO - Processing image: D:\Github Repositories\canny-edge-detector\temp\tmp.png
2025-04-10 19:43:40,101 - CannyEdgeDetector - INFO - Detected 1 objects in image
2025-04-10 19:43:41,010 - CannyEdgeDetector - INFO - Resetting controller state
2025-04-10 19:43:41,012 - CannyEdgeDetector - INFO - Converting image to PNG: D:/Github Repositories/canny-edge-detector/images\bugs.jpg
2025-04-10 19:43:41,052 - CannyEdgeDetector - INFO - Processing image: D:\Github Repositories\canny-edge-detector\temp\tmp.png
2025-04-10 19:43:41,056 - CannyEdgeDetector - INFO - Detected 11 objects in image
2025-04-10 19:43:41,063 - CannyEdgeDetector - INFO - Converting image to PNG: D:/Github Repositories/canny-edge-detector/images\camomiles.jpg
2025-04-10 19:43:41,142 - CannyEdgeDetector - INFO - Processing image: D:\Github Repositories\canny-edge-detector\temp\tmp.png
2025-04-10 19:43:41,149 - CannyEdgeDetector - INFO - Detected 1 objects in image
2025-04-10 19:43:41,156 - CannyEdgeDetector - INFO - Converting image to PNG: D:/Github Repositories/canny-edge-detector/images\dogs.png
2025-04-10 19:43:41,253 - CannyEdgeDetector - INFO - Processing image: D:\Github Repositories\canny-edge-detector\temp\tmp.png
2025-04-10 19:43:41,257 - CannyEdgeDetector - INFO - Detected 12 objects in image
2025-04-10 19:43:41,263 - CannyEdgeDetector - INFO - Converting image to PNG: D:/Github Repositories/canny-edge-detector/images\geckos.png
2025-04-10 19:43:41,355 - CannyEdgeDetector - INFO - Processing image: D:\Github Repositories\canny-edge-detector\temp\tmp.png
2025-04-10 19:43:41,363 - CannyEdgeDetector - INFO - Detected 3 objects in image
2025-04-10 19:43:41,369 - CannyEdgeDetector - INFO - Converting image to PNG: D:/Github Repositories/canny-edge-detector/images\knife.png
2025-04-10 19:43:41,438 - CannyEdgeDetector - INFO - Processing image: D:\Github Repositories\canny-edge-detector\temp\tmp.png
2025-04-10 19:43:41,444 - CannyEdgeDetector - INFO - Detected 1 objects in image
2025-04-10 19:43:41,995 - CannyEdgeDetector - INFO - Converting image to PNG: D:/Github Repositories/canny-edge-detector/images\dogs.png
2025-04-10 19:43:42,089 - CannyEdgeDetector - INFO - Processing image: D:\Github Repositories\canny-edge-detector\temp\tmp.png
2025-04-10 19:43:42,093 - CannyEdgeDetector - INFO - Detected 12 objects in image
2025-04-10 19:43:42,404 - CannyEdgeDetector - INFO - Converting image to PNG: D:/Github Repositories/canny-edge-detector/images\camomiles.jpg
2025-04-10 19:43:42,482 - CannyEdgeDetector - INFO - Processing image: D:\Github Repositories\canny-edge-detector\temp\tmp.png
2025-04-10 19:43:42,487 - CannyEdgeDetector - INFO - Detected 1 objects in image
2025-04-10 19:43:43,448 - CannyEdgeDetector - INFO - Converting image to PNG: D:/Github Repositories/canny-edge-detector/images\geckos.png
2025-04-10 19:43:43,541 - CannyEdgeDetector - INFO - Processing image: D:\Github Repositories\canny-edge-detector\temp\tmp.png
2025-04-10 19:43:43,550 - CannyEdgeDetector - INFO - Detected 3 objects in image
2025-04-10 19:43:43,845 - CannyEdgeDetector - INFO - Converting image to PNG: D:/Github Repositories/canny-edge-detector/images\knife.png
2025-04-10 19:43:43,914 - CannyEdgeDetector - INFO - Processing image: D:\Github Repositories\canny-edge-detector\temp\tmp.png
2025-04-10 19:43:43,920 - CannyEdgeDetector - INFO - Detected 1 objects in image
2025-04-10 19:43:44,564 - CannyEdgeDetector - INFO - Converting image to PNG: D:/Github Repositories/canny-edge-detector/images\knife.png
2025-04-10 19:43:44,632 - CannyEdgeDetector - INFO - Processing image: D:\Github Repositories\canny-edge-detector\temp\tmp.png
2025-04-10 19:43:44,638 - CannyEdgeDetector - INFO - Detected 1 objects in image
2025-04-10 19:43:45,524 - CannyEdgeDetector - INFO - Converting image to PNG: D:/Github Repositories/canny-edge-detector/images\geckos.png
2025-04-10 19:43:45,614 - CannyEdgeDetector - INFO - Processing image: D:\Github Repositories\canny-edge-detector\temp\tmp.png
2025-04-10 19:43:45,624 - CannyEdgeDetector - INFO - Detected 3 objects in image
2025-04-10 19:43:47,640 - CannyEdgeDetector - INFO - Converting image to PNG: D:/Github Repositories/canny-edge-detector/images\bugs.jpg
2025-04-10 19:43:47,677 - CannyEdgeDetector - INFO - Processing image: D:\Github Repositories\canny-edge-detector\temp\tmp.png
2025-04-10 19:43:47,680 - CannyEdgeDetector - INFO - Detected 11 objects in image
