2025-04-10 16:23:27,040 - CannyEdgeDetector - INFO - ImageViewer initialized
2025-04-10 16:23:27,040 - CannyEdgeDetector - INFO - EdgeDetector initialized
2025-04-10 16:23:31,896 - CannyEdgeDetector - INFO - Resetting viewer state
2025-04-10 16:23:31,897 - CannyEdgeDetector - INFO - Total object count reset
2025-04-10 16:23:31,898 - CannyEdgeDetector - INFO - Converting image to PNG: D:/Github Repositories/canny-edge-detector/images\bugs.jpg
2025-04-10 16:23:31,955 - CannyEdgeDetector - INFO - Processing image: D:\Github Repositories\canny-edge-detector\temp\tmp.png
2025-04-10 16:23:31,963 - CannyEdgeDetector - INFO - Detected 11 objects in image
2025-04-10 16:23:31,965 - CannyEdgeDetector - INFO - Total object count updated to: 11
2025-04-10 16:23:31,965 - CannyEdgeDetector - INFO - Converting image to PNG: D:/Github Repositories/canny-edge-detector/images\camomiles.jpg
2025-04-10 16:23:32,041 - CannyEdgeDetector - INFO - Processing image: D:\Github Repositories\canny-edge-detector\temp\tmp.png
2025-04-10 16:23:32,047 - CannyEdgeDetector - INFO - Detected 1 objects in image
2025-04-10 16:23:32,049 - CannyEdgeDetector - INFO - Total object count updated to: 12
2025-04-10 16:23:32,049 - CannyEdgeDetector - INFO - Converting image to PNG: D:/Github Repositories/canny-edge-detector/images\dogs.png
2025-04-10 16:23:32,208 - CannyEdgeDetector - INFO - Processing image: D:\Github Repositories\canny-edge-detector\temp\tmp.png
2025-04-10 16:23:32,213 - CannyEdgeDetector - INFO - Detected 81 objects in image
2025-04-10 16:23:32,216 - CannyEdgeDetector - INFO - Total object count updated to: 93
2025-04-10 16:23:32,216 - CannyEdgeDetector - INFO - Converting image to PNG: D:/Github Repositories/canny-edge-detector/images\geckos.png
2025-04-10 16:23:32,311 - CannyEdgeDetector - INFO - Processing image: D:\Github Repositories\canny-edge-detector\temp\tmp.png
2025-04-10 16:23:32,320 - CannyEdgeDetector - INFO - Detected 7 objects in image
2025-04-10 16:23:32,322 - CannyEdgeDetector - INFO - Total object count updated to: 100
2025-04-10 16:23:32,323 - CannyEdgeDetector - INFO - Converting image to PNG: D:/Github Repositories/canny-edge-detector/images\knife.png
2025-04-10 16:23:32,415 - CannyEdgeDetector - INFO - Processing image: D:\Github Repositories\canny-edge-detector\temp\tmp.png
2025-04-10 16:23:32,422 - CannyEdgeDetector - INFO - Detected 1 objects in image
2025-04-10 16:23:32,424 - CannyEdgeDetector - INFO - Total object count updated to: 101
2025-04-10 16:23:34,366 - CannyEdgeDetector - INFO - Converting image to PNG: D:/Github Repositories/canny-edge-detector/images\camomiles.jpg
2025-04-10 16:23:34,442 - CannyEdgeDetector - INFO - Processing image: D:\Github Repositories\canny-edge-detector\temp\tmp.png
2025-04-10 16:23:34,447 - CannyEdgeDetector - INFO - Detected 1 objects in image
2025-04-10 16:23:35,143 - CannyEdgeDetector - INFO - Converting image to PNG: D:/Github Repositories/canny-edge-detector/images\geckos.png
2025-04-10 16:23:35,235 - CannyEdgeDetector - INFO - Processing image: D:\Github Repositories\canny-edge-detector\temp\tmp.png
2025-04-10 16:23:35,245 - CannyEdgeDetector - INFO - Detected 7 objects in image
2025-04-10 16:23:44,151 - CannyEdgeDetector - INFO - Resetting viewer state
2025-04-10 16:23:44,152 - CannyEdgeDetector - INFO - Total object count reset
2025-04-10 16:23:44,153 - CannyEdgeDetector - INFO - Converting image to PNG: D:/Github Repositories/canny-edge-detector/images\bugs.jpg
2025-04-10 16:23:44,192 - CannyEdgeDetector - INFO - Processing image: D:\Github Repositories\canny-edge-detector\temp\tmp.png
2025-04-10 16:23:44,195 - CannyEdgeDetector - INFO - Detected 14 objects in image
2025-04-10 16:23:44,198 - CannyEdgeDetector - INFO - Total object count updated to: 14
2025-04-10 16:23:44,198 - CannyEdgeDetector - INFO - Converting image to PNG: D:/Github Repositories/canny-edge-detector/images\camomiles.jpg
2025-04-10 16:23:44,276 - CannyEdgeDetector - INFO - Processing image: D:\Github Repositories\canny-edge-detector\temp\tmp.png
2025-04-10 16:23:44,280 - CannyEdgeDetector - INFO - Detected 13 objects in image
2025-04-10 16:23:44,283 - CannyEdgeDetector - INFO - Total object count updated to: 27
2025-04-10 16:23:44,283 - CannyEdgeDetector - INFO - Converting image to PNG: D:/Github Repositories/canny-edge-detector/images\dogs.png
2025-04-10 16:23:44,374 - CannyEdgeDetector - INFO - Processing image: D:\Github Repositories\canny-edge-detector\temp\tmp.png
2025-04-10 16:23:44,377 - CannyEdgeDetector - INFO - Detected 16 objects in image
2025-04-10 16:23:44,379 - CannyEdgeDetector - INFO - Total object count updated to: 43
2025-04-10 16:23:44,380 - CannyEdgeDetector - INFO - Converting image to PNG: D:/Github Repositories/canny-edge-detector/images\geckos.png
2025-04-10 16:23:44,470 - CannyEdgeDetector - INFO - Processing image: D:\Github Repositories\canny-edge-detector\temp\tmp.png
2025-04-10 16:23:44,478 - CannyEdgeDetector - INFO - Detected 20 objects in image
2025-04-10 16:23:44,480 - CannyEdgeDetector - INFO - Total object count updated to: 63
2025-04-10 16:23:44,480 - CannyEdgeDetector - INFO - Converting image to PNG: D:/Github Repositories/canny-edge-detector/images\knife.png
2025-04-10 16:23:44,549 - CannyEdgeDetector - INFO - Processing image: D:\Github Repositories\canny-edge-detector\temp\tmp.png
2025-04-10 16:23:44,554 - CannyEdgeDetector - INFO - Detected 1 objects in image
2025-04-10 16:23:44,557 - CannyEdgeDetector - INFO - Total object count updated to: 64
