2025-04-10 14:37:34,653 - CannyEdgeDetector - INFO - ImageViewer initialized
2025-04-10 14:37:34,653 - CannyEdgeDetector - INFO - EdgeDetector initialized
2025-04-10 14:37:39,682 - CannyEdgeDetector - INFO - Resetting viewer state
2025-04-10 14:37:39,683 - CannyEdgeDetector - INFO - Total object count reset
2025-04-10 14:37:39,684 - CannyEdgeDetector - INFO - Converting image to PNG: D:/Github Repositories/canny-edge-detector/images\bugs.jpg
2025-04-10 14:37:39,793 - CannyEdgeDetector - INFO - Processing image: D:\Github Repositories\canny-edge-detector\temp\tmp.png
2025-04-10 14:37:39,801 - CannyEdgeDetector - INFO - Detected 11 objects in image
2025-04-10 14:37:39,889 - CannyEdgeDetector - INFO - Total object count updated to: 11
2025-04-10 14:37:39,890 - CannyEdgeDetector - INFO - Converting image to PNG: D:/Github Repositories/canny-edge-detector/images\camomiles.jpg
2025-04-10 14:37:40,002 - CannyEdgeDetector - INFO - Processing image: D:\Github Repositories\canny-edge-detector\temp\tmp.png
2025-04-10 14:37:40,008 - CannyEdgeDetector - INFO - Detected 1 objects in image
2025-04-10 14:37:40,083 - CannyEdgeDetector - INFO - Total object count updated to: 12
2025-04-10 14:37:40,084 - CannyEdgeDetector - INFO - Converting image to PNG: D:/Github Repositories/canny-edge-detector/images\dogs.png
2025-04-10 14:37:40,293 - CannyEdgeDetector - INFO - Processing image: D:\Github Repositories\canny-edge-detector\temp\tmp.png
2025-04-10 14:37:40,298 - CannyEdgeDetector - INFO - Detected 81 objects in image
2025-04-10 14:37:40,372 - CannyEdgeDetector - INFO - Total object count updated to: 93
2025-04-10 14:37:40,373 - CannyEdgeDetector - INFO - Converting image to PNG: D:/Github Repositories/canny-edge-detector/images\geckos.png
2025-04-10 14:37:40,499 - CannyEdgeDetector - INFO - Processing image: D:\Github Repositories\canny-edge-detector\temp\tmp.png
2025-04-10 14:37:40,508 - CannyEdgeDetector - INFO - Detected 7 objects in image
2025-04-10 14:37:40,602 - CannyEdgeDetector - INFO - Total object count updated to: 100
2025-04-10 14:37:40,602 - CannyEdgeDetector - INFO - Converting image to PNG: D:/Github Repositories/canny-edge-detector/images\knife.png
2025-04-10 14:37:40,692 - CannyEdgeDetector - INFO - Processing image: D:\Github Repositories\canny-edge-detector\temp\tmp.png
2025-04-10 14:37:40,700 - CannyEdgeDetector - INFO - Detected 1 objects in image
2025-04-10 14:37:40,761 - CannyEdgeDetector - INFO - Total object count updated to: 101
2025-04-10 14:37:42,363 - CannyEdgeDetector - INFO - Converting image to PNG: D:/Github Repositories/canny-edge-detector/images\knife.png
2025-04-10 14:37:42,450 - CannyEdgeDetector - INFO - Processing image: D:\Github Repositories\canny-edge-detector\temp\tmp.png
2025-04-10 14:37:42,456 - CannyEdgeDetector - INFO - Detected 1 objects in image
2025-04-10 14:37:43,956 - CannyEdgeDetector - INFO - Converting image to PNG: D:/Github Repositories/canny-edge-detector/images\geckos.png
2025-04-10 14:37:44,076 - CannyEdgeDetector - INFO - Processing image: D:\Github Repositories\canny-edge-detector\temp\tmp.png
2025-04-10 14:37:44,085 - CannyEdgeDetector - INFO - Detected 7 objects in image
2025-04-10 14:37:44,411 - CannyEdgeDetector - INFO - Converting image to PNG: D:/Github Repositories/canny-edge-detector/images\camomiles.jpg
2025-04-10 14:37:44,514 - CannyEdgeDetector - INFO - Processing image: D:\Github Repositories\canny-edge-detector\temp\tmp.png
2025-04-10 14:37:44,520 - CannyEdgeDetector - INFO - Detected 1 objects in image
2025-04-10 14:37:45,275 - CannyEdgeDetector - INFO - Converting image to PNG: D:/Github Repositories/canny-edge-detector/images\camomiles.jpg
2025-04-10 14:37:45,381 - CannyEdgeDetector - INFO - Processing image: D:\Github Repositories\canny-edge-detector\temp\tmp.png
2025-04-10 14:37:45,387 - CannyEdgeDetector - INFO - Detected 1 objects in image
2025-04-10 14:37:46,371 - CannyEdgeDetector - INFO - Converting image to PNG: D:/Github Repositories/canny-edge-detector/images\bugs.jpg
2025-04-10 14:37:46,424 - CannyEdgeDetector - INFO - Processing image: D:\Github Repositories\canny-edge-detector\temp\tmp.png
2025-04-10 14:37:46,427 - CannyEdgeDetector - INFO - Detected 11 objects in image
