2025-04-10 19:06:58,084 - CannyEdgeDetector - INFO - ImageViewer initialized
2025-04-10 19:06:58,084 - CannyEdgeDetector - INFO - EdgeDetector initialized
2025-04-10 19:07:06,477 - CannyEdgeDetector - INFO - Resetting viewer state
2025-04-10 19:07:06,478 - CannyEdgeDetector - INFO - Total object count reset
2025-04-10 19:07:06,479 - CannyEdgeDetector - INFO - Converting image to PNG: D:/Github Repositories/canny-edge-detector/images\bugs.jpg
2025-04-10 19:07:06,550 - CannyEdgeDetector - INFO - Processing image: D:\Github Repositories\canny-edge-detector\temp\tmp.png
2025-04-10 19:07:06,558 - CannyEdgeDetector - INFO - Detected 11 objects in image
2025-04-10 19:07:06,564 - CannyEdgeDetector - INFO - Total object count updated to: 11
2025-04-10 19:07:06,565 - CannyEdgeDetector - INFO - Converting image to PNG: D:/Github Repositories/canny-edge-detector/images\camomiles.jpg
2025-04-10 19:07:06,642 - CannyEdgeDetector - INFO - Processing image: D:\Github Repositories\canny-edge-detector\temp\tmp.png
2025-04-10 19:07:06,648 - CannyEdgeDetector - INFO - Detected 1 objects in image
2025-04-10 19:07:06,654 - CannyEdgeDetector - INFO - Total object count updated to: 12
2025-04-10 19:07:06,654 - CannyEdgeDetector - INFO - Converting image to PNG: D:/Github Repositories/canny-edge-detector/images\dogs.png
2025-04-10 19:07:06,800 - CannyEdgeDetector - INFO - Processing image: D:\Github Repositories\canny-edge-detector\temp\tmp.png
2025-04-10 19:07:06,806 - CannyEdgeDetector - INFO - Detected 81 objects in image
2025-04-10 19:07:06,813 - CannyEdgeDetector - INFO - Total object count updated to: 93
2025-04-10 19:07:06,813 - CannyEdgeDetector - INFO - Converting image to PNG: D:/Github Repositories/canny-edge-detector/images\geckos.png
2025-04-10 19:07:06,911 - CannyEdgeDetector - INFO - Processing image: D:\Github Repositories\canny-edge-detector\temp\tmp.png
2025-04-10 19:07:06,920 - CannyEdgeDetector - INFO - Detected 7 objects in image
2025-04-10 19:07:06,926 - CannyEdgeDetector - INFO - Total object count updated to: 100
2025-04-10 19:07:06,926 - CannyEdgeDetector - INFO - Converting image to PNG: D:/Github Repositories/canny-edge-detector/images\knife.png
2025-04-10 19:07:06,995 - CannyEdgeDetector - INFO - Processing image: D:\Github Repositories\canny-edge-detector\temp\tmp.png
2025-04-10 19:07:07,002 - CannyEdgeDetector - INFO - Detected 1 objects in image
2025-04-10 19:07:07,010 - CannyEdgeDetector - INFO - Total object count updated to: 101
