2025-04-10 16:06:11,929 - CannyEdgeDetector - INFO - ImageViewer initialized
2025-04-10 16:06:11,929 - CannyEdgeDetector - INFO - EdgeDetector initialized
2025-04-10 16:06:17,387 - CannyEdgeDetector - INFO - Resetting viewer state
2025-04-10 16:06:17,388 - CannyEdgeDetector - INFO - Total object count reset
2025-04-10 16:06:17,389 - CannyEdgeDetector - INFO - Converting image to PNG: D:/Github Repositories/canny-edge-detector/images\bugs.jpg
2025-04-10 16:06:17,461 - CannyEdgeDetector - INFO - Processing image: D:\Github Repositories\canny-edge-detector\temp\tmp.png
2025-04-10 16:06:17,468 - CannyEdgeDetector - INFO - Detected 11 objects in image
2025-04-10 16:06:17,468 - CannyEdgeDetector - INFO - Total object count updated to: 11
2025-04-10 16:06:17,485 - CannyEdgeDetector - INFO - Converting image to PNG: D:/Github Repositories/canny-edge-detector/images\camomiles.jpg
2025-04-10 16:06:17,560 - CannyEdgeDetector - INFO - Processing image: D:\Github Repositories\canny-edge-detector\temp\tmp.png
2025-04-10 16:06:17,566 - CannyEdgeDetector - INFO - Detected 1 objects in image
2025-04-10 16:06:17,566 - CannyEdgeDetector - INFO - Total object count updated to: 12
2025-04-10 16:06:17,567 - CannyEdgeDetector - INFO - Converting image to PNG: D:/Github Repositories/canny-edge-detector/images\dogs.png
2025-04-10 16:06:17,728 - CannyEdgeDetector - INFO - Processing image: D:\Github Repositories\canny-edge-detector\temp\tmp.png
2025-04-10 16:06:17,733 - CannyEdgeDetector - INFO - Detected 81 objects in image
2025-04-10 16:06:17,733 - CannyEdgeDetector - INFO - Total object count updated to: 93
2025-04-10 16:06:17,733 - CannyEdgeDetector - INFO - Converting image to PNG: D:/Github Repositories/canny-edge-detector/images\geckos.png
2025-04-10 16:06:17,824 - CannyEdgeDetector - INFO - Processing image: D:\Github Repositories\canny-edge-detector\temp\tmp.png
2025-04-10 16:06:17,833 - CannyEdgeDetector - INFO - Detected 7 objects in image
2025-04-10 16:06:17,833 - CannyEdgeDetector - INFO - Total object count updated to: 100
2025-04-10 16:06:17,834 - CannyEdgeDetector - INFO - Converting image to PNG: D:/Github Repositories/canny-edge-detector/images\knife.png
2025-04-10 16:06:17,932 - CannyEdgeDetector - INFO - Processing image: D:\Github Repositories\canny-edge-detector\temp\tmp.png
2025-04-10 16:06:17,940 - CannyEdgeDetector - INFO - Detected 1 objects in image
2025-04-10 16:06:17,940 - CannyEdgeDetector - INFO - Total object count updated to: 101
2025-04-10 16:06:18,792 - CannyEdgeDetector - INFO - Converting image to PNG: D:/Github Repositories/canny-edge-detector/images\dogs.png
2025-04-10 16:06:18,882 - CannyEdgeDetector - INFO - Processing image: D:\Github Repositories\canny-edge-detector\temp\tmp.png
2025-04-10 16:06:18,888 - CannyEdgeDetector - INFO - Detected 81 objects in image
2025-04-10 16:06:19,361 - CannyEdgeDetector - INFO - Converting image to PNG: D:/Github Repositories/canny-edge-detector/images\geckos.png
2025-04-10 16:06:19,466 - CannyEdgeDetector - INFO - Processing image: D:\Github Repositories\canny-edge-detector\temp\tmp.png
2025-04-10 16:06:19,474 - CannyEdgeDetector - INFO - Detected 7 objects in image
2025-04-10 16:06:19,812 - CannyEdgeDetector - INFO - Converting image to PNG: D:/Github Repositories/canny-edge-detector/images\knife.png
2025-04-10 16:06:19,880 - CannyEdgeDetector - INFO - Processing image: D:\Github Repositories\canny-edge-detector\temp\tmp.png
2025-04-10 16:06:19,888 - CannyEdgeDetector - INFO - Detected 1 objects in image
2025-04-10 16:06:20,452 - CannyEdgeDetector - INFO - Converting image to PNG: D:/Github Repositories/canny-edge-detector/images\camomiles.jpg
2025-04-10 16:06:20,527 - CannyEdgeDetector - INFO - Processing image: D:\Github Repositories\canny-edge-detector\temp\tmp.png
2025-04-10 16:06:20,532 - CannyEdgeDetector - INFO - Detected 1 objects in image
2025-04-10 16:06:21,955 - CannyEdgeDetector - INFO - Converting image to PNG: D:/Github Repositories/canny-edge-detector/images\knife.png
2025-04-10 16:06:22,024 - CannyEdgeDetector - INFO - Processing image: D:\Github Repositories\canny-edge-detector\temp\tmp.png
2025-04-10 16:06:22,030 - CannyEdgeDetector - INFO - Detected 1 objects in image
2025-04-10 16:06:22,231 - CannyEdgeDetector - INFO - Converting image to PNG: D:/Github Repositories/canny-edge-detector/images\knife.png
2025-04-10 16:06:22,301 - CannyEdgeDetector - INFO - Processing image: D:\Github Repositories\canny-edge-detector\temp\tmp.png
2025-04-10 16:06:22,307 - CannyEdgeDetector - INFO - Detected 1 objects in image
2025-04-10 16:06:22,508 - CannyEdgeDetector - INFO - Converting image to PNG: D:/Github Repositories/canny-edge-detector/images\geckos.png
2025-04-10 16:06:22,618 - CannyEdgeDetector - INFO - Processing image: D:\Github Repositories\canny-edge-detector\temp\tmp.png
2025-04-10 16:06:22,627 - CannyEdgeDetector - INFO - Detected 7 objects in image
2025-04-10 16:06:22,761 - CannyEdgeDetector - INFO - Converting image to PNG: D:/Github Repositories/canny-edge-detector/images\dogs.png
2025-04-10 16:06:22,848 - CannyEdgeDetector - INFO - Processing image: D:\Github Repositories\canny-edge-detector\temp\tmp.png
2025-04-10 16:06:22,854 - CannyEdgeDetector - INFO - Detected 81 objects in image
2025-04-10 16:06:23,036 - CannyEdgeDetector - INFO - Converting image to PNG: D:/Github Repositories/canny-edge-detector/images\camomiles.jpg
2025-04-10 16:06:23,111 - CannyEdgeDetector - INFO - Processing image: D:\Github Repositories\canny-edge-detector\temp\tmp.png
2025-04-10 16:06:23,116 - CannyEdgeDetector - INFO - Detected 1 objects in image
2025-04-10 16:06:26,760 - CannyEdgeDetector - INFO - Converting image to PNG: D:/Github Repositories/canny-edge-detector/images\geckos.png
2025-04-10 16:06:26,851 - CannyEdgeDetector - INFO - Processing image: D:\Github Repositories\canny-edge-detector\temp\tmp.png
2025-04-10 16:06:26,859 - CannyEdgeDetector - INFO - Detected 18 objects in image
2025-04-10 16:06:27,483 - CannyEdgeDetector - INFO - Resetting viewer state
2025-04-10 16:06:27,484 - CannyEdgeDetector - INFO - Total object count reset
2025-04-10 16:06:27,485 - CannyEdgeDetector - INFO - Converting image to PNG: D:/Github Repositories/canny-edge-detector/images\bugs.jpg
2025-04-10 16:06:27,523 - CannyEdgeDetector - INFO - Processing image: D:\Github Repositories\canny-edge-detector\temp\tmp.png
2025-04-10 16:06:27,525 - CannyEdgeDetector - INFO - Detected 13 objects in image
2025-04-10 16:06:27,525 - CannyEdgeDetector - INFO - Total object count updated to: 13
2025-04-10 16:06:27,525 - CannyEdgeDetector - INFO - Converting image to PNG: D:/Github Repositories/canny-edge-detector/images\camomiles.jpg
2025-04-10 16:06:27,600 - CannyEdgeDetector - INFO - Processing image: D:\Github Repositories\canny-edge-detector\temp\tmp.png
2025-04-10 16:06:27,604 - CannyEdgeDetector - INFO - Detected 11 objects in image
2025-04-10 16:06:27,604 - CannyEdgeDetector - INFO - Total object count updated to: 24
2025-04-10 16:06:27,605 - CannyEdgeDetector - INFO - Converting image to PNG: D:/Github Repositories/canny-edge-detector/images\dogs.png
2025-04-10 16:06:27,697 - CannyEdgeDetector - INFO - Processing image: D:\Github Repositories\canny-edge-detector\temp\tmp.png
2025-04-10 16:06:27,701 - CannyEdgeDetector - INFO - Detected 14 objects in image
2025-04-10 16:06:27,701 - CannyEdgeDetector - INFO - Total object count updated to: 38
2025-04-10 16:06:27,701 - CannyEdgeDetector - INFO - Converting image to PNG: D:/Github Repositories/canny-edge-detector/images\geckos.png
2025-04-10 16:06:27,795 - CannyEdgeDetector - INFO - Processing image: D:\Github Repositories\canny-edge-detector\temp\tmp.png
2025-04-10 16:06:27,804 - CannyEdgeDetector - INFO - Detected 18 objects in image
2025-04-10 16:06:27,804 - CannyEdgeDetector - INFO - Total object count updated to: 56
2025-04-10 16:06:27,804 - CannyEdgeDetector - INFO - Converting image to PNG: D:/Github Repositories/canny-edge-detector/images\knife.png
2025-04-10 16:06:27,875 - CannyEdgeDetector - INFO - Processing image: D:\Github Repositories\canny-edge-detector\temp\tmp.png
2025-04-10 16:06:27,880 - CannyEdgeDetector - INFO - Detected 1 objects in image
2025-04-10 16:06:27,880 - CannyEdgeDetector - INFO - Total object count updated to: 57
2025-04-10 16:06:32,631 - CannyEdgeDetector - INFO - Resetting viewer state
2025-04-10 16:06:32,632 - CannyEdgeDetector - INFO - Total object count reset
2025-04-10 16:06:32,633 - CannyEdgeDetector - INFO - Converting image to PNG: D:/Github Repositories/canny-edge-detector/images\bugs.jpg
2025-04-10 16:06:32,670 - CannyEdgeDetector - INFO - Processing image: D:\Github Repositories\canny-edge-detector\temp\tmp.png
2025-04-10 16:06:32,673 - CannyEdgeDetector - INFO - Detected 11 objects in image
2025-04-10 16:06:32,673 - CannyEdgeDetector - INFO - Total object count updated to: 11
2025-04-10 16:06:32,673 - CannyEdgeDetector - INFO - Converting image to PNG: D:/Github Repositories/canny-edge-detector/images\camomiles.jpg
2025-04-10 16:06:32,749 - CannyEdgeDetector - INFO - Processing image: D:\Github Repositories\canny-edge-detector\temp\tmp.png
2025-04-10 16:06:32,753 - CannyEdgeDetector - INFO - Detected 1 objects in image
2025-04-10 16:06:32,753 - CannyEdgeDetector - INFO - Total object count updated to: 12
2025-04-10 16:06:32,754 - CannyEdgeDetector - INFO - Converting image to PNG: D:/Github Repositories/canny-edge-detector/images\dogs.png
2025-04-10 16:06:32,848 - CannyEdgeDetector - INFO - Processing image: D:\Github Repositories\canny-edge-detector\temp\tmp.png
2025-04-10 16:06:32,851 - CannyEdgeDetector - INFO - Detected 12 objects in image
2025-04-10 16:06:32,851 - CannyEdgeDetector - INFO - Total object count updated to: 24
2025-04-10 16:06:32,852 - CannyEdgeDetector - INFO - Converting image to PNG: D:/Github Repositories/canny-edge-detector/images\geckos.png
2025-04-10 16:06:32,945 - CannyEdgeDetector - INFO - Processing image: D:\Github Repositories\canny-edge-detector\temp\tmp.png
2025-04-10 16:06:32,953 - CannyEdgeDetector - INFO - Detected 3 objects in image
2025-04-10 16:06:32,953 - CannyEdgeDetector - INFO - Total object count updated to: 27
2025-04-10 16:06:32,953 - CannyEdgeDetector - INFO - Converting image to PNG: D:/Github Repositories/canny-edge-detector/images\knife.png
2025-04-10 16:06:33,022 - CannyEdgeDetector - INFO - Processing image: D:\Github Repositories\canny-edge-detector\temp\tmp.png
2025-04-10 16:06:33,027 - CannyEdgeDetector - INFO - Detected 1 objects in image
2025-04-10 16:06:33,028 - CannyEdgeDetector - INFO - Total object count updated to: 28
2025-04-10 16:06:33,761 - CannyEdgeDetector - INFO - Converting image to PNG: D:/Github Repositories/canny-edge-detector/images\geckos.png
2025-04-10 16:06:33,852 - CannyEdgeDetector - INFO - Processing image: D:\Github Repositories\canny-edge-detector\temp\tmp.png
2025-04-10 16:06:33,861 - CannyEdgeDetector - INFO - Detected 3 objects in image
2025-04-10 16:06:34,565 - CannyEdgeDetector - INFO - Converting image to PNG: D:/Github Repositories/canny-edge-detector/images\dogs.png
2025-04-10 16:06:34,653 - CannyEdgeDetector - INFO - Processing image: D:\Github Repositories\canny-edge-detector\temp\tmp.png
2025-04-10 16:06:34,656 - CannyEdgeDetector - INFO - Detected 12 objects in image
2025-04-10 16:06:34,941 - CannyEdgeDetector - INFO - Converting image to PNG: D:/Github Repositories/canny-edge-detector/images\camomiles.jpg
2025-04-10 16:06:35,016 - CannyEdgeDetector - INFO - Processing image: D:\Github Repositories\canny-edge-detector\temp\tmp.png
2025-04-10 16:06:35,020 - CannyEdgeDetector - INFO - Detected 1 objects in image
2025-04-10 16:06:35,794 - CannyEdgeDetector - INFO - Resetting viewer state
2025-04-10 16:06:35,795 - CannyEdgeDetector - INFO - Total object count reset
2025-04-10 16:06:35,796 - CannyEdgeDetector - INFO - Converting image to PNG: D:/Github Repositories/canny-edge-detector/images\bugs.jpg
2025-04-10 16:06:35,834 - CannyEdgeDetector - INFO - Processing image: D:\Github Repositories\canny-edge-detector\temp\tmp.png
2025-04-10 16:06:35,836 - CannyEdgeDetector - INFO - Detected 11 objects in image
2025-04-10 16:06:35,837 - CannyEdgeDetector - INFO - Total object count updated to: 11
2025-04-10 16:06:35,837 - CannyEdgeDetector - INFO - Converting image to PNG: D:/Github Repositories/canny-edge-detector/images\camomiles.jpg
2025-04-10 16:06:35,917 - CannyEdgeDetector - INFO - Processing image: D:\Github Repositories\canny-edge-detector\temp\tmp.png
2025-04-10 16:06:35,922 - CannyEdgeDetector - INFO - Detected 1 objects in image
2025-04-10 16:06:35,922 - CannyEdgeDetector - INFO - Total object count updated to: 12
2025-04-10 16:06:35,922 - CannyEdgeDetector - INFO - Converting image to PNG: D:/Github Repositories/canny-edge-detector/images\dogs.png
2025-04-10 16:06:36,012 - CannyEdgeDetector - INFO - Processing image: D:\Github Repositories\canny-edge-detector\temp\tmp.png
2025-04-10 16:06:36,015 - CannyEdgeDetector - INFO - Detected 12 objects in image
2025-04-10 16:06:36,015 - CannyEdgeDetector - INFO - Total object count updated to: 24
2025-04-10 16:06:36,015 - CannyEdgeDetector - INFO - Converting image to PNG: D:/Github Repositories/canny-edge-detector/images\geckos.png
2025-04-10 16:06:36,108 - CannyEdgeDetector - INFO - Processing image: D:\Github Repositories\canny-edge-detector\temp\tmp.png
2025-04-10 16:06:36,115 - CannyEdgeDetector - INFO - Detected 3 objects in image
2025-04-10 16:06:36,115 - CannyEdgeDetector - INFO - Total object count updated to: 27
2025-04-10 16:06:36,116 - CannyEdgeDetector - INFO - Converting image to PNG: D:/Github Repositories/canny-edge-detector/images\knife.png
2025-04-10 16:06:36,184 - CannyEdgeDetector - INFO - Processing image: D:\Github Repositories\canny-edge-detector\temp\tmp.png
2025-04-10 16:06:36,189 - CannyEdgeDetector - INFO - Detected 1 objects in image
2025-04-10 16:06:36,189 - CannyEdgeDetector - INFO - Total object count updated to: 28
2025-04-10 16:06:37,121 - CannyEdgeDetector - INFO - Converting image to PNG: D:/Github Repositories/canny-edge-detector/images\geckos.png
2025-04-10 16:06:37,212 - CannyEdgeDetector - INFO - Processing image: D:\Github Repositories\canny-edge-detector\temp\tmp.png
2025-04-10 16:06:37,220 - CannyEdgeDetector - INFO - Detected 3 objects in image
2025-04-10 16:06:37,912 - CannyEdgeDetector - INFO - Converting image to PNG: D:/Github Repositories/canny-edge-detector/images\dogs.png
2025-04-10 16:06:38,000 - CannyEdgeDetector - INFO - Processing image: D:\Github Repositories\canny-edge-detector\temp\tmp.png
2025-04-10 16:06:38,004 - CannyEdgeDetector - INFO - Detected 12 objects in image
2025-04-10 16:06:38,699 - CannyEdgeDetector - INFO - Resetting viewer state
2025-04-10 16:06:38,700 - CannyEdgeDetector - INFO - Total object count reset
2025-04-10 16:06:38,702 - CannyEdgeDetector - INFO - Converting image to PNG: D:/Github Repositories/canny-edge-detector/images\bugs.jpg
2025-04-10 16:06:38,741 - CannyEdgeDetector - INFO - Processing image: D:\Github Repositories\canny-edge-detector\temp\tmp.png
2025-04-10 16:06:38,744 - CannyEdgeDetector - INFO - Detected 11 objects in image
2025-04-10 16:06:38,744 - CannyEdgeDetector - INFO - Total object count updated to: 11
2025-04-10 16:06:38,744 - CannyEdgeDetector - INFO - Converting image to PNG: D:/Github Repositories/canny-edge-detector/images\camomiles.jpg
2025-04-10 16:06:38,820 - CannyEdgeDetector - INFO - Processing image: D:\Github Repositories\canny-edge-detector\temp\tmp.png
2025-04-10 16:06:38,824 - CannyEdgeDetector - INFO - Detected 1 objects in image
2025-04-10 16:06:38,824 - CannyEdgeDetector - INFO - Total object count updated to: 12
2025-04-10 16:06:38,824 - CannyEdgeDetector - INFO - Converting image to PNG: D:/Github Repositories/canny-edge-detector/images\dogs.png
2025-04-10 16:06:38,916 - CannyEdgeDetector - INFO - Processing image: D:\Github Repositories\canny-edge-detector\temp\tmp.png
2025-04-10 16:06:38,920 - CannyEdgeDetector - INFO - Detected 12 objects in image
2025-04-10 16:06:38,920 - CannyEdgeDetector - INFO - Total object count updated to: 24
2025-04-10 16:06:38,920 - CannyEdgeDetector - INFO - Converting image to PNG: D:/Github Repositories/canny-edge-detector/images\geckos.png
2025-04-10 16:06:39,012 - CannyEdgeDetector - INFO - Processing image: D:\Github Repositories\canny-edge-detector\temp\tmp.png
2025-04-10 16:06:39,019 - CannyEdgeDetector - INFO - Detected 3 objects in image
2025-04-10 16:06:39,019 - CannyEdgeDetector - INFO - Total object count updated to: 27
2025-04-10 16:06:39,020 - CannyEdgeDetector - INFO - Converting image to PNG: D:/Github Repositories/canny-edge-detector/images\knife.png
2025-04-10 16:06:39,089 - CannyEdgeDetector - INFO - Processing image: D:\Github Repositories\canny-edge-detector\temp\tmp.png
2025-04-10 16:06:39,094 - CannyEdgeDetector - INFO - Detected 1 objects in image
2025-04-10 16:06:39,094 - CannyEdgeDetector - INFO - Total object count updated to: 28
2025-04-10 16:06:39,476 - CannyEdgeDetector - INFO - Converting image to PNG: D:/Github Repositories/canny-edge-detector/images\knife.png
2025-04-10 16:06:39,545 - CannyEdgeDetector - INFO - Processing image: D:\Github Repositories\canny-edge-detector\temp\tmp.png
2025-04-10 16:06:39,549 - CannyEdgeDetector - INFO - Detected 1 objects in image
2025-04-10 16:06:40,171 - CannyEdgeDetector - INFO - Resetting viewer state
2025-04-10 16:06:40,172 - CannyEdgeDetector - INFO - Total object count reset
2025-04-10 16:06:40,173 - CannyEdgeDetector - INFO - Converting image to PNG: D:/Github Repositories/canny-edge-detector/images\bugs.jpg
2025-04-10 16:06:40,210 - CannyEdgeDetector - INFO - Processing image: D:\Github Repositories\canny-edge-detector\temp\tmp.png
2025-04-10 16:06:40,214 - CannyEdgeDetector - INFO - Detected 11 objects in image
2025-04-10 16:06:40,214 - CannyEdgeDetector - INFO - Total object count updated to: 11
2025-04-10 16:06:40,214 - CannyEdgeDetector - INFO - Converting image to PNG: D:/Github Repositories/canny-edge-detector/images\camomiles.jpg
2025-04-10 16:06:40,303 - CannyEdgeDetector - INFO - Processing image: D:\Github Repositories\canny-edge-detector\temp\tmp.png
2025-04-10 16:06:40,307 - CannyEdgeDetector - INFO - Detected 1 objects in image
2025-04-10 16:06:40,307 - CannyEdgeDetector - INFO - Total object count updated to: 12
2025-04-10 16:06:40,307 - CannyEdgeDetector - INFO - Converting image to PNG: D:/Github Repositories/canny-edge-detector/images\dogs.png
2025-04-10 16:06:40,401 - CannyEdgeDetector - INFO - Processing image: D:\Github Repositories\canny-edge-detector\temp\tmp.png
2025-04-10 16:06:40,406 - CannyEdgeDetector - INFO - Detected 12 objects in image
2025-04-10 16:06:40,406 - CannyEdgeDetector - INFO - Total object count updated to: 24
2025-04-10 16:06:40,406 - CannyEdgeDetector - INFO - Converting image to PNG: D:/Github Repositories/canny-edge-detector/images\geckos.png
2025-04-10 16:06:40,499 - CannyEdgeDetector - INFO - Processing image: D:\Github Repositories\canny-edge-detector\temp\tmp.png
2025-04-10 16:06:40,507 - CannyEdgeDetector - INFO - Detected 3 objects in image
2025-04-10 16:06:40,507 - CannyEdgeDetector - INFO - Total object count updated to: 27
2025-04-10 16:06:40,507 - CannyEdgeDetector - INFO - Converting image to PNG: D:/Github Repositories/canny-edge-detector/images\knife.png
2025-04-10 16:06:40,576 - CannyEdgeDetector - INFO - Processing image: D:\Github Repositories\canny-edge-detector\temp\tmp.png
2025-04-10 16:06:40,581 - CannyEdgeDetector - INFO - Detected 1 objects in image
2025-04-10 16:06:40,581 - CannyEdgeDetector - INFO - Total object count updated to: 28
2025-04-10 16:06:41,957 - CannyEdgeDetector - INFO - Converting image to PNG: D:/Github Repositories/canny-edge-detector/images\camomiles.jpg
2025-04-10 16:06:42,031 - CannyEdgeDetector - INFO - Processing image: D:\Github Repositories\canny-edge-detector\temp\tmp.png
2025-04-10 16:06:42,035 - CannyEdgeDetector - INFO - Detected 1 objects in image
2025-04-10 16:06:42,597 - CannyEdgeDetector - INFO - Converting image to PNG: D:/Github Repositories/canny-edge-detector/images\geckos.png
2025-04-10 16:06:42,689 - CannyEdgeDetector - INFO - Processing image: D:\Github Repositories\canny-edge-detector\temp\tmp.png
2025-04-10 16:06:42,697 - CannyEdgeDetector - INFO - Detected 3 objects in image
2025-04-10 16:06:43,036 - CannyEdgeDetector - INFO - Converting image to PNG: D:/Github Repositories/canny-edge-detector/images\knife.png
2025-04-10 16:06:43,106 - CannyEdgeDetector - INFO - Processing image: D:\Github Repositories\canny-edge-detector\temp\tmp.png
2025-04-10 16:06:43,110 - CannyEdgeDetector - INFO - Detected 1 objects in image
2025-04-10 16:06:43,619 - CannyEdgeDetector - INFO - Resetting viewer state
2025-04-10 16:06:43,620 - CannyEdgeDetector - INFO - Total object count reset
2025-04-10 16:06:43,621 - CannyEdgeDetector - INFO - Converting image to PNG: D:/Github Repositories/canny-edge-detector/images\bugs.jpg
2025-04-10 16:06:43,661 - CannyEdgeDetector - INFO - Processing image: D:\Github Repositories\canny-edge-detector\temp\tmp.png
2025-04-10 16:06:43,665 - CannyEdgeDetector - INFO - Detected 11 objects in image
2025-04-10 16:06:43,665 - CannyEdgeDetector - INFO - Total object count updated to: 11
2025-04-10 16:06:43,665 - CannyEdgeDetector - INFO - Converting image to PNG: D:/Github Repositories/canny-edge-detector/images\camomiles.jpg
2025-04-10 16:06:43,746 - CannyEdgeDetector - INFO - Processing image: D:\Github Repositories\canny-edge-detector\temp\tmp.png
2025-04-10 16:06:43,750 - CannyEdgeDetector - INFO - Detected 1 objects in image
2025-04-10 16:06:43,750 - CannyEdgeDetector - INFO - Total object count updated to: 12
2025-04-10 16:06:43,751 - CannyEdgeDetector - INFO - Converting image to PNG: D:/Github Repositories/canny-edge-detector/images\dogs.png
2025-04-10 16:06:43,842 - CannyEdgeDetector - INFO - Processing image: D:\Github Repositories\canny-edge-detector\temp\tmp.png
2025-04-10 16:06:43,846 - CannyEdgeDetector - INFO - Detected 12 objects in image
2025-04-10 16:06:43,846 - CannyEdgeDetector - INFO - Total object count updated to: 24
2025-04-10 16:06:43,846 - CannyEdgeDetector - INFO - Converting image to PNG: D:/Github Repositories/canny-edge-detector/images\geckos.png
2025-04-10 16:06:43,940 - CannyEdgeDetector - INFO - Processing image: D:\Github Repositories\canny-edge-detector\temp\tmp.png
2025-04-10 16:06:43,948 - CannyEdgeDetector - INFO - Detected 3 objects in image
2025-04-10 16:06:43,948 - CannyEdgeDetector - INFO - Total object count updated to: 27
2025-04-10 16:06:43,948 - CannyEdgeDetector - INFO - Converting image to PNG: D:/Github Repositories/canny-edge-detector/images\knife.png
2025-04-10 16:06:44,017 - CannyEdgeDetector - INFO - Processing image: D:\Github Repositories\canny-edge-detector\temp\tmp.png
2025-04-10 16:06:44,022 - CannyEdgeDetector - INFO - Detected 1 objects in image
2025-04-10 16:06:44,022 - CannyEdgeDetector - INFO - Total object count updated to: 28
