2025-04-10 16:03:18,577 - CannyEdgeDetector - INFO - ImageViewer initialized
2025-04-10 16:03:18,578 - CannyEdgeDetector - INFO - EdgeDetector initialized
2025-04-10 16:03:24,857 - CannyEdgeDetector - INFO - Resetting viewer state
2025-04-10 16:03:24,858 - CannyEdgeDetector - INFO - Total object count reset
2025-04-10 16:03:24,860 - CannyEdgeDetector - INFO - Converting image to PNG: D:/Github Repositories/canny-edge-detector/images\bugs.jpg
2025-04-10 16:03:24,916 - CannyEdgeDetector - INFO - Processing image: D:\Github Repositories\canny-edge-detector\temp\tmp.png
2025-04-10 16:03:24,923 - CannyEdgeDetector - INFO - Detected 11 objects in image
2025-04-10 16:03:24,939 - CannyEdgeDetector - INFO - Total object count updated to: 11
2025-04-10 16:03:24,940 - CannyEdgeDetector - INFO - Converting image to PNG: D:/Github Repositories/canny-edge-detector/images\camomiles.jpg
2025-04-10 16:03:25,016 - CannyEdgeDetector - INFO - Processing image: D:\Github Repositories\canny-edge-detector\temp\tmp.png
2025-04-10 16:03:25,022 - CannyEdgeDetector - INFO - Detected 1 objects in image
2025-04-10 16:03:25,054 - CannyEdgeDetector - INFO - Total object count updated to: 12
2025-04-10 16:03:25,054 - CannyEdgeDetector - INFO - Converting image to PNG: D:/Github Repositories/canny-edge-detector/images\dogs.png
2025-04-10 16:03:25,206 - CannyEdgeDetector - INFO - Processing image: D:\Github Repositories\canny-edge-detector\temp\tmp.png
2025-04-10 16:03:25,212 - CannyEdgeDetector - INFO - Detected 81 objects in image
2025-04-10 16:03:25,236 - CannyEdgeDetector - INFO - Total object count updated to: 93
2025-04-10 16:03:25,236 - CannyEdgeDetector - INFO - Converting image to PNG: D:/Github Repositories/canny-edge-detector/images\geckos.png
2025-04-10 16:03:25,326 - CannyEdgeDetector - INFO - Processing image: D:\Github Repositories\canny-edge-detector\temp\tmp.png
2025-04-10 16:03:25,336 - CannyEdgeDetector - INFO - Detected 7 objects in image
2025-04-10 16:03:25,364 - CannyEdgeDetector - INFO - Total object count updated to: 100
2025-04-10 16:03:25,364 - CannyEdgeDetector - INFO - Converting image to PNG: D:/Github Repositories/canny-edge-detector/images\knife.png
2025-04-10 16:03:25,432 - CannyEdgeDetector - INFO - Processing image: D:\Github Repositories\canny-edge-detector\temp\tmp.png
2025-04-10 16:03:25,439 - CannyEdgeDetector - INFO - Detected 1 objects in image
2025-04-10 16:03:25,453 - CannyEdgeDetector - INFO - Total object count updated to: 101
2025-04-10 16:03:28,423 - CannyEdgeDetector - INFO - Converting image to PNG: D:/Github Repositories/canny-edge-detector/images\camomiles.jpg
2025-04-10 16:03:28,498 - CannyEdgeDetector - INFO - Processing image: D:\Github Repositories\canny-edge-detector\temp\tmp.png
2025-04-10 16:03:28,504 - CannyEdgeDetector - INFO - Detected 1 objects in image
2025-04-10 16:03:29,438 - CannyEdgeDetector - INFO - Converting image to PNG: D:/Github Repositories/canny-edge-detector/images\dogs.png
2025-04-10 16:03:29,526 - CannyEdgeDetector - INFO - Processing image: D:\Github Repositories\canny-edge-detector\temp\tmp.png
2025-04-10 16:03:29,531 - CannyEdgeDetector - INFO - Detected 81 objects in image
2025-04-10 16:03:31,307 - CannyEdgeDetector - INFO - Converting image to PNG: D:/Github Repositories/canny-edge-detector/images\bugs.jpg
2025-04-10 16:03:31,344 - CannyEdgeDetector - INFO - Processing image: D:\Github Repositories\canny-edge-detector\temp\tmp.png
2025-04-10 16:03:31,348 - CannyEdgeDetector - INFO - Detected 11 objects in image
2025-04-10 16:03:31,891 - CannyEdgeDetector - INFO - Converting image to PNG: D:/Github Repositories/canny-edge-detector/images\camomiles.jpg
2025-04-10 16:03:31,965 - CannyEdgeDetector - INFO - Processing image: D:\Github Repositories\canny-edge-detector\temp\tmp.png
2025-04-10 16:03:31,970 - CannyEdgeDetector - INFO - Detected 1 objects in image
