2025-04-10 14:37:52,525 - CannyEdgeDetector - INFO - ImageViewer initialized
2025-04-10 14:37:52,526 - CannyEdgeDetector - INFO - EdgeDetector initialized
2025-04-10 14:38:00,914 - CannyEdgeDetector - INFO - Resetting viewer state
2025-04-10 14:38:00,915 - CannyEdgeDetector - INFO - Total object count reset
2025-04-10 14:38:00,916 - CannyEdgeDetector - INFO - Converting image to PNG: D:/Github Repositories/canny-edge-detector/images\bugs.jpg
2025-04-10 14:38:00,988 - CannyEdgeDetector - INFO - Processing image: D:\Github Repositories\canny-edge-detector\temp\tmp.png
2025-04-10 14:38:00,995 - CannyEdgeDetector - INFO - Detected 11 objects in image
2025-04-10 14:38:01,047 - CannyEdgeDetector - INFO - Total object count updated to: 11
2025-04-10 14:38:01,048 - CannyEdgeDetector - INFO - Converting image to PNG: D:/Github Repositories/canny-edge-detector/images\camomiles.jpg
2025-04-10 14:38:01,151 - CannyEdgeDetector - INFO - Processing image: D:\Github Repositories\canny-edge-detector\temp\tmp.png
2025-04-10 14:38:01,158 - CannyEdgeDetector - INFO - Detected 1 objects in image
2025-04-10 14:38:01,243 - CannyEdgeDetector - INFO - Total object count updated to: 12
2025-04-10 14:38:01,243 - CannyEdgeDetector - INFO - Converting image to PNG: D:/Github Repositories/canny-edge-detector/images\dogs.png
2025-04-10 14:38:01,411 - CannyEdgeDetector - INFO - Processing image: D:\Github Repositories\canny-edge-detector\temp\tmp.png
2025-04-10 14:38:01,417 - CannyEdgeDetector - INFO - Detected 81 objects in image
2025-04-10 14:38:01,489 - CannyEdgeDetector - INFO - Total object count updated to: 93
2025-04-10 14:38:01,489 - CannyEdgeDetector - INFO - Converting image to PNG: D:/Github Repositories/canny-edge-detector/images\geckos.png
2025-04-10 14:38:01,612 - CannyEdgeDetector - INFO - Processing image: D:\Github Repositories\canny-edge-detector\temp\tmp.png
2025-04-10 14:38:01,621 - CannyEdgeDetector - INFO - Detected 7 objects in image
2025-04-10 14:38:01,716 - CannyEdgeDetector - INFO - Total object count updated to: 100
2025-04-10 14:38:01,716 - CannyEdgeDetector - INFO - Converting image to PNG: D:/Github Repositories/canny-edge-detector/images\knife.png
2025-04-10 14:38:01,803 - CannyEdgeDetector - INFO - Processing image: D:\Github Repositories\canny-edge-detector\temp\tmp.png
2025-04-10 14:38:01,809 - CannyEdgeDetector - INFO - Detected 1 objects in image
2025-04-10 14:38:01,874 - CannyEdgeDetector - INFO - Total object count updated to: 101
2025-04-10 14:38:08,365 - CannyEdgeDetector - INFO - Converting image to PNG: D:/Github Repositories/canny-edge-detector/images\knife.png
2025-04-10 14:38:08,447 - CannyEdgeDetector - INFO - Processing image: D:\Github Repositories\canny-edge-detector\temp\tmp.png
2025-04-10 14:38:08,454 - CannyEdgeDetector - INFO - Detected 1 objects in image
2025-04-10 14:38:09,579 - CannyEdgeDetector - INFO - Converting image to PNG: D:/Github Repositories/canny-edge-detector/images\geckos.png
2025-04-10 14:38:09,697 - CannyEdgeDetector - INFO - Processing image: D:\Github Repositories\canny-edge-detector\temp\tmp.png
2025-04-10 14:38:09,707 - CannyEdgeDetector - INFO - Detected 7 objects in image
2025-04-10 14:38:10,246 - CannyEdgeDetector - INFO - Converting image to PNG: D:/Github Repositories/canny-edge-detector/images\camomiles.jpg
2025-04-10 14:38:10,349 - CannyEdgeDetector - INFO - Processing image: D:\Github Repositories\canny-edge-detector\temp\tmp.png
2025-04-10 14:38:10,357 - CannyEdgeDetector - INFO - Detected 1 objects in image
2025-04-10 14:38:10,630 - CannyEdgeDetector - INFO - Converting image to PNG: D:/Github Repositories/canny-edge-detector/images\bugs.jpg
2025-04-10 14:38:10,683 - CannyEdgeDetector - INFO - Processing image: D:\Github Repositories\canny-edge-detector\temp\tmp.png
2025-04-10 14:38:10,686 - CannyEdgeDetector - INFO - Detected 11 objects in image
2025-04-10 14:38:12,397 - CannyEdgeDetector - INFO - Resetting viewer state
2025-04-10 14:38:12,398 - CannyEdgeDetector - INFO - Total object count reset
2025-04-10 14:38:12,399 - CannyEdgeDetector - INFO - Converting image to PNG: D:/Github Repositories/canny-edge-detector/images\bugs.jpg
2025-04-10 14:38:12,453 - CannyEdgeDetector - INFO - Processing image: D:\Github Repositories\canny-edge-detector\temp\tmp.png
2025-04-10 14:38:12,457 - CannyEdgeDetector - INFO - Detected 11 objects in image
2025-04-10 14:38:12,506 - CannyEdgeDetector - INFO - Total object count updated to: 11
2025-04-10 14:38:12,506 - CannyEdgeDetector - INFO - Converting image to PNG: D:/Github Repositories/canny-edge-detector/images\camomiles.jpg
2025-04-10 14:38:12,610 - CannyEdgeDetector - INFO - Processing image: D:\Github Repositories\canny-edge-detector\temp\tmp.png
2025-04-10 14:38:12,616 - CannyEdgeDetector - INFO - Detected 1 objects in image
2025-04-10 14:38:12,688 - CannyEdgeDetector - INFO - Total object count updated to: 12
2025-04-10 14:38:12,688 - CannyEdgeDetector - INFO - Converting image to PNG: D:/Github Repositories/canny-edge-detector/images\dogs.png
2025-04-10 14:38:12,802 - CannyEdgeDetector - INFO - Processing image: D:\Github Repositories\canny-edge-detector\temp\tmp.png
2025-04-10 14:38:12,807 - CannyEdgeDetector - INFO - Detected 81 objects in image
2025-04-10 14:38:12,881 - CannyEdgeDetector - INFO - Total object count updated to: 93
2025-04-10 14:38:12,881 - CannyEdgeDetector - INFO - Converting image to PNG: D:/Github Repositories/canny-edge-detector/images\geckos.png
2025-04-10 14:38:13,001 - CannyEdgeDetector - INFO - Processing image: D:\Github Repositories\canny-edge-detector\temp\tmp.png
2025-04-10 14:38:13,010 - CannyEdgeDetector - INFO - Detected 7 objects in image
2025-04-10 14:38:13,103 - CannyEdgeDetector - INFO - Total object count updated to: 100
2025-04-10 14:38:13,104 - CannyEdgeDetector - INFO - Converting image to PNG: D:/Github Repositories/canny-edge-detector/images\knife.png
2025-04-10 14:38:13,188 - CannyEdgeDetector - INFO - Processing image: D:\Github Repositories\canny-edge-detector\temp\tmp.png
2025-04-10 14:38:13,194 - CannyEdgeDetector - INFO - Detected 1 objects in image
2025-04-10 14:38:13,259 - CannyEdgeDetector - INFO - Total object count updated to: 101
2025-04-10 14:38:28,851 - CannyEdgeDetector - INFO - Converting image to PNG: D:/Github Repositories/canny-edge-detector/images\camomiles.jpg
2025-04-10 14:38:28,955 - CannyEdgeDetector - INFO - Processing image: D:\Github Repositories\canny-edge-detector\temp\tmp.png
2025-04-10 14:38:28,960 - CannyEdgeDetector - INFO - Detected 1 objects in image
2025-04-10 14:38:29,348 - CannyEdgeDetector - INFO - Converting image to PNG: D:/Github Repositories/canny-edge-detector/images\dogs.png
2025-04-10 14:38:29,461 - CannyEdgeDetector - INFO - Processing image: D:\Github Repositories\canny-edge-detector\temp\tmp.png
2025-04-10 14:38:29,466 - CannyEdgeDetector - INFO - Detected 81 objects in image
2025-04-10 14:38:29,698 - CannyEdgeDetector - INFO - Converting image to PNG: D:/Github Repositories/canny-edge-detector/images\geckos.png
2025-04-10 14:38:29,820 - CannyEdgeDetector - INFO - Processing image: D:\Github Repositories\canny-edge-detector\temp\tmp.png
2025-04-10 14:38:29,828 - CannyEdgeDetector - INFO - Detected 7 objects in image
2025-04-10 14:38:30,058 - CannyEdgeDetector - INFO - Converting image to PNG: D:/Github Repositories/canny-edge-detector/images\knife.png
2025-04-10 14:38:30,142 - CannyEdgeDetector - INFO - Processing image: D:\Github Repositories\canny-edge-detector\temp\tmp.png
2025-04-10 14:38:30,150 - CannyEdgeDetector - INFO - Detected 1 objects in image
2025-04-10 14:38:30,876 - CannyEdgeDetector - INFO - Converting image to PNG: D:/Github Repositories/canny-edge-detector/images\bugs.jpg
2025-04-10 14:38:30,929 - CannyEdgeDetector - INFO - Processing image: D:\Github Repositories\canny-edge-detector\temp\tmp.png
2025-04-10 14:38:30,934 - CannyEdgeDetector - INFO - Detected 11 objects in image
2025-04-10 14:38:31,518 - CannyEdgeDetector - INFO - Resetting viewer state
2025-04-10 14:38:31,519 - CannyEdgeDetector - INFO - Total object count reset
2025-04-10 14:38:31,520 - CannyEdgeDetector - INFO - Converting image to PNG: D:/Github Repositories/canny-edge-detector/images\bugs.jpg
2025-04-10 14:38:31,578 - CannyEdgeDetector - INFO - Processing image: D:\Github Repositories\canny-edge-detector\temp\tmp.png
2025-04-10 14:38:31,581 - CannyEdgeDetector - INFO - Detected 11 objects in image
2025-04-10 14:38:31,629 - CannyEdgeDetector - INFO - Total object count updated to: 11
2025-04-10 14:38:31,629 - CannyEdgeDetector - INFO - Converting image to PNG: D:/Github Repositories/canny-edge-detector/images\camomiles.jpg
2025-04-10 14:38:31,735 - CannyEdgeDetector - INFO - Processing image: D:\Github Repositories\canny-edge-detector\temp\tmp.png
2025-04-10 14:38:31,741 - CannyEdgeDetector - INFO - Detected 1 objects in image
2025-04-10 14:38:31,811 - CannyEdgeDetector - INFO - Total object count updated to: 12
2025-04-10 14:38:31,811 - CannyEdgeDetector - INFO - Converting image to PNG: D:/Github Repositories/canny-edge-detector/images\dogs.png
2025-04-10 14:38:31,930 - CannyEdgeDetector - INFO - Processing image: D:\Github Repositories\canny-edge-detector\temp\tmp.png
2025-04-10 14:38:31,936 - CannyEdgeDetector - INFO - Detected 81 objects in image
2025-04-10 14:38:32,009 - CannyEdgeDetector - INFO - Total object count updated to: 93
2025-04-10 14:38:32,009 - CannyEdgeDetector - INFO - Converting image to PNG: D:/Github Repositories/canny-edge-detector/images\geckos.png
2025-04-10 14:38:32,128 - CannyEdgeDetector - INFO - Processing image: D:\Github Repositories\canny-edge-detector\temp\tmp.png
2025-04-10 14:38:32,136 - CannyEdgeDetector - INFO - Detected 7 objects in image
2025-04-10 14:38:32,234 - CannyEdgeDetector - INFO - Total object count updated to: 100
2025-04-10 14:38:32,236 - CannyEdgeDetector - INFO - Converting image to PNG: D:/Github Repositories/canny-edge-detector/images\knife.png
2025-04-10 14:38:32,319 - CannyEdgeDetector - INFO - Processing image: D:\Github Repositories\canny-edge-detector\temp\tmp.png
2025-04-10 14:38:32,327 - CannyEdgeDetector - INFO - Detected 1 objects in image
2025-04-10 14:38:32,393 - CannyEdgeDetector - INFO - Total object count updated to: 101
2025-04-10 14:38:33,709 - CannyEdgeDetector - INFO - Resetting viewer state
2025-04-10 14:38:33,710 - CannyEdgeDetector - INFO - Total object count reset
2025-04-10 14:38:33,711 - CannyEdgeDetector - INFO - Converting image to PNG: D:/Github Repositories/canny-edge-detector/images\bugs.jpg
2025-04-10 14:38:33,766 - CannyEdgeDetector - INFO - Processing image: D:\Github Repositories\canny-edge-detector\temp\tmp.png
2025-04-10 14:38:33,770 - CannyEdgeDetector - INFO - Detected 11 objects in image
2025-04-10 14:38:33,817 - CannyEdgeDetector - INFO - Total object count updated to: 11
2025-04-10 14:38:33,817 - CannyEdgeDetector - INFO - Converting image to PNG: D:/Github Repositories/canny-edge-detector/images\camomiles.jpg
2025-04-10 14:38:33,922 - CannyEdgeDetector - INFO - Processing image: D:\Github Repositories\canny-edge-detector\temp\tmp.png
2025-04-10 14:38:33,928 - CannyEdgeDetector - INFO - Detected 1 objects in image
2025-04-10 14:38:33,997 - CannyEdgeDetector - INFO - Total object count updated to: 12
2025-04-10 14:38:33,997 - CannyEdgeDetector - INFO - Converting image to PNG: D:/Github Repositories/canny-edge-detector/images\dogs.png
2025-04-10 14:38:34,110 - CannyEdgeDetector - INFO - Processing image: D:\Github Repositories\canny-edge-detector\temp\tmp.png
2025-04-10 14:38:34,116 - CannyEdgeDetector - INFO - Detected 81 objects in image
2025-04-10 14:38:34,189 - CannyEdgeDetector - INFO - Total object count updated to: 93
2025-04-10 14:38:34,189 - CannyEdgeDetector - INFO - Converting image to PNG: D:/Github Repositories/canny-edge-detector/images\geckos.png
2025-04-10 14:38:34,308 - CannyEdgeDetector - INFO - Processing image: D:\Github Repositories\canny-edge-detector\temp\tmp.png
2025-04-10 14:38:34,318 - CannyEdgeDetector - INFO - Detected 7 objects in image
2025-04-10 14:38:34,411 - CannyEdgeDetector - INFO - Total object count updated to: 100
2025-04-10 14:38:34,411 - CannyEdgeDetector - INFO - Converting image to PNG: D:/Github Repositories/canny-edge-detector/images\knife.png
2025-04-10 14:38:34,492 - CannyEdgeDetector - INFO - Processing image: D:\Github Repositories\canny-edge-detector\temp\tmp.png
2025-04-10 14:38:34,500 - CannyEdgeDetector - INFO - Detected 1 objects in image
2025-04-10 14:38:34,565 - CannyEdgeDetector - INFO - Total object count updated to: 101
