2025-04-10 15:57:08,940 - CannyEdgeDetector - INFO - ImageViewer initialized
2025-04-10 15:57:08,940 - CannyEdgeDetector - INFO - EdgeDetector initialized
2025-04-10 15:57:14,776 - CannyEdgeDetector - INFO - Resetting viewer state
2025-04-10 15:57:14,777 - CannyEdgeDetector - INFO - Total object count reset
2025-04-10 15:57:14,778 - CannyEdgeDetector - INFO - Converting image to PNG: D:/Github Repositories/canny-edge-detector/images\bugs.jpg
2025-04-10 15:57:14,870 - CannyEdgeDetector - INFO - Processing image: D:\Github Repositories\canny-edge-detector\temp\tmp.png
2025-04-10 15:57:14,877 - CannyEdgeDetector - INFO - Detected 11 objects in image
2025-04-10 15:57:14,930 - CannyEdgeDetector - INFO - Total object count updated to: 11
2025-04-10 15:57:14,930 - CannyEdgeDetector - INFO - Converting image to PNG: D:/Github Repositories/canny-edge-detector/images\camomiles.jpg
2025-04-10 15:57:15,037 - CannyEdgeDetector - INFO - Processing image: D:\Github Repositories\canny-edge-detector\temp\tmp.png
2025-04-10 15:57:15,042 - CannyEdgeDetector - INFO - Detected 1 objects in image
2025-04-10 15:57:15,122 - CannyEdgeDetector - INFO - Total object count updated to: 12
2025-04-10 15:57:15,122 - CannyEdgeDetector - INFO - Converting image to PNG: D:/Github Repositories/canny-edge-detector/images\dogs.png
2025-04-10 15:57:15,292 - CannyEdgeDetector - INFO - Processing image: D:\Github Repositories\canny-edge-detector\temp\tmp.png
2025-04-10 15:57:15,297 - CannyEdgeDetector - INFO - Detected 81 objects in image
2025-04-10 15:57:15,390 - CannyEdgeDetector - INFO - Total object count updated to: 93
2025-04-10 15:57:15,390 - CannyEdgeDetector - INFO - Converting image to PNG: D:/Github Repositories/canny-edge-detector/images\geckos.png
2025-04-10 15:57:15,508 - CannyEdgeDetector - INFO - Processing image: D:\Github Repositories\canny-edge-detector\temp\tmp.png
2025-04-10 15:57:15,517 - CannyEdgeDetector - INFO - Detected 7 objects in image
2025-04-10 15:57:15,610 - CannyEdgeDetector - INFO - Total object count updated to: 100
2025-04-10 15:57:15,610 - CannyEdgeDetector - INFO - Converting image to PNG: D:/Github Repositories/canny-edge-detector/images\knife.png
2025-04-10 15:57:15,694 - CannyEdgeDetector - INFO - Processing image: D:\Github Repositories\canny-edge-detector\temp\tmp.png
2025-04-10 15:57:15,701 - CannyEdgeDetector - INFO - Detected 1 objects in image
2025-04-10 15:57:15,770 - CannyEdgeDetector - INFO - Total object count updated to: 101
2025-04-10 15:57:18,223 - CannyEdgeDetector - INFO - Converting image to PNG: D:/Github Repositories/canny-edge-detector/images\camomiles.jpg
2025-04-10 15:57:18,329 - CannyEdgeDetector - INFO - Processing image: D:\Github Repositories\canny-edge-detector\temp\tmp.png
2025-04-10 15:57:18,335 - CannyEdgeDetector - INFO - Detected 1 objects in image
2025-04-10 15:57:18,922 - CannyEdgeDetector - INFO - Converting image to PNG: D:/Github Repositories/canny-edge-detector/images\dogs.png
2025-04-10 15:57:19,034 - CannyEdgeDetector - INFO - Processing image: D:\Github Repositories\canny-edge-detector\temp\tmp.png
2025-04-10 15:57:19,040 - CannyEdgeDetector - INFO - Detected 81 objects in image
2025-04-10 15:57:20,278 - CannyEdgeDetector - INFO - Converting image to PNG: D:/Github Repositories/canny-edge-detector/images\knife.png
2025-04-10 15:57:20,358 - CannyEdgeDetector - INFO - Processing image: D:\Github Repositories\canny-edge-detector\temp\tmp.png
2025-04-10 15:57:20,366 - CannyEdgeDetector - INFO - Detected 1 objects in image
2025-04-10 15:57:21,330 - CannyEdgeDetector - INFO - Converting image to PNG: D:/Github Repositories/canny-edge-detector/images\geckos.png
2025-04-10 15:57:21,447 - CannyEdgeDetector - INFO - Processing image: D:\Github Repositories\canny-edge-detector\temp\tmp.png
2025-04-10 15:57:21,456 - CannyEdgeDetector - INFO - Detected 7 objects in image
2025-04-10 15:57:22,096 - CannyEdgeDetector - INFO - Converting image to PNG: D:/Github Repositories/canny-edge-detector/images\dogs.png
2025-04-10 15:57:22,211 - CannyEdgeDetector - INFO - Processing image: D:\Github Repositories\canny-edge-detector\temp\tmp.png
2025-04-10 15:57:22,217 - CannyEdgeDetector - INFO - Detected 81 objects in image
