2025-04-10 19:07:29,000 - CannyEdgeDetector - INFO - ImageViewer initialized
2025-04-10 19:07:29,000 - CannyEdgeDetector - INFO - EdgeDetector initialized
2025-04-10 19:07:32,676 - CannyEdgeDetector - INFO - Resetting viewer state
2025-04-10 19:07:32,677 - CannyEdgeDetector - INFO - Total object count reset
2025-04-10 19:07:32,678 - CannyEdgeDetector - INFO - Converting image to PNG: D:/Github Repositories/canny-edge-detector/images\bugs.jpg
2025-04-10 19:07:32,745 - CannyEdgeDetector - INFO - Processing image: D:\Github Repositories\canny-edge-detector\temp\tmp.png
2025-04-10 19:07:32,753 - CannyEdgeDetector - INFO - Detected 11 objects in image
2025-04-10 19:07:32,760 - CannyEdgeDetector - INFO - Total object count updated to: 11
2025-04-10 19:07:32,761 - CannyEdgeDetector - INFO - Converting image to PNG: D:/Github Repositories/canny-edge-detector/images\camomiles.jpg
2025-04-10 19:07:32,839 - CannyEdgeDetector - INFO - Processing image: D:\Github Repositories\canny-edge-detector\temp\tmp.png
2025-04-10 19:07:32,845 - CannyEdgeDetector - INFO - Detected 1 objects in image
2025-04-10 19:07:32,851 - CannyEdgeDetector - INFO - Total object count updated to: 12
2025-04-10 19:07:32,851 - CannyEdgeDetector - INFO - Converting image to PNG: D:/Github Repositories/canny-edge-detector/images\dogs.png
2025-04-10 19:07:33,002 - CannyEdgeDetector - INFO - Processing image: D:\Github Repositories\canny-edge-detector\temp\tmp.png
2025-04-10 19:07:33,008 - CannyEdgeDetector - INFO - Detected 81 objects in image
2025-04-10 19:07:33,014 - CannyEdgeDetector - INFO - Total object count updated to: 93
2025-04-10 19:07:33,014 - CannyEdgeDetector - INFO - Converting image to PNG: D:/Github Repositories/canny-edge-detector/images\geckos.png
2025-04-10 19:07:33,104 - CannyEdgeDetector - INFO - Processing image: D:\Github Repositories\canny-edge-detector\temp\tmp.png
2025-04-10 19:07:33,112 - CannyEdgeDetector - INFO - Detected 7 objects in image
2025-04-10 19:07:33,119 - CannyEdgeDetector - INFO - Total object count updated to: 100
2025-04-10 19:07:33,119 - CannyEdgeDetector - INFO - Converting image to PNG: D:/Github Repositories/canny-edge-detector/images\knife.png
2025-04-10 19:07:33,188 - CannyEdgeDetector - INFO - Processing image: D:\Github Repositories\canny-edge-detector\temp\tmp.png
2025-04-10 19:07:33,195 - CannyEdgeDetector - INFO - Detected 1 objects in image
2025-04-10 19:07:33,201 - CannyEdgeDetector - INFO - Total object count updated to: 101
