2025-04-10 16:41:15,411 - CannyEdgeDetector - INFO - ImageViewer initialized
2025-04-10 16:41:15,411 - CannyEdgeDetector - INFO - EdgeDetector initialized
2025-04-10 16:41:20,844 - CannyEdgeDetector - INFO - Resetting viewer state
2025-04-10 16:41:20,845 - CannyEdgeDetector - INFO - Total object count reset
2025-04-10 16:41:20,846 - CannyEdgeDetector - INFO - Converting image to PNG: D:/Github Repositories/canny-edge-detector/images\bugs.jpg
2025-04-10 16:41:20,902 - CannyEdgeDetector - INFO - Processing image: D:\Github Repositories\canny-edge-detector\temp\tmp.png
2025-04-10 16:41:20,911 - CannyEdgeDetector - INFO - Detected 11 objects in image
2025-04-10 16:41:20,917 - CannyEdgeDetector - INFO - Total object count updated to: 11
2025-04-10 16:41:20,917 - CannyEdgeDetector - INFO - Converting image to PNG: D:/Github Repositories/canny-edge-detector/images\camomiles.jpg
2025-04-10 16:41:20,995 - CannyEdgeDetector - INFO - Processing image: D:\Github Repositories\canny-edge-detector\temp\tmp.png
2025-04-10 16:41:21,000 - CannyEdgeDetector - INFO - Detected 1 objects in image
2025-04-10 16:41:21,007 - CannyEdgeDetector - INFO - Total object count updated to: 12
2025-04-10 16:41:21,007 - CannyEdgeDetector - INFO - Converting image to PNG: D:/Github Repositories/canny-edge-detector/images\dogs.png
2025-04-10 16:41:21,166 - CannyEdgeDetector - INFO - Processing image: D:\Github Repositories\canny-edge-detector\temp\tmp.png
2025-04-10 16:41:21,172 - CannyEdgeDetector - INFO - Detected 81 objects in image
2025-04-10 16:41:21,178 - CannyEdgeDetector - INFO - Total object count updated to: 93
2025-04-10 16:41:21,178 - CannyEdgeDetector - INFO - Converting image to PNG: D:/Github Repositories/canny-edge-detector/images\geckos.png
2025-04-10 16:41:21,269 - CannyEdgeDetector - INFO - Processing image: D:\Github Repositories\canny-edge-detector\temp\tmp.png
2025-04-10 16:41:21,278 - CannyEdgeDetector - INFO - Detected 7 objects in image
2025-04-10 16:41:21,284 - CannyEdgeDetector - INFO - Total object count updated to: 100
2025-04-10 16:41:21,284 - CannyEdgeDetector - INFO - Converting image to PNG: D:/Github Repositories/canny-edge-detector/images\knife.png
2025-04-10 16:41:21,354 - CannyEdgeDetector - INFO - Processing image: D:\Github Repositories\canny-edge-detector\temp\tmp.png
2025-04-10 16:41:21,361 - CannyEdgeDetector - INFO - Detected 1 objects in image
2025-04-10 16:41:21,367 - CannyEdgeDetector - INFO - Total object count updated to: 101
2025-04-10 16:41:23,549 - CannyEdgeDetector - INFO - Converting image to PNG: D:/Github Repositories/canny-edge-detector/images\camomiles.jpg
2025-04-10 16:41:23,625 - CannyEdgeDetector - INFO - Processing image: D:\Github Repositories\canny-edge-detector\temp\tmp.png
2025-04-10 16:41:23,630 - CannyEdgeDetector - INFO - Detected 1 objects in image
2025-04-10 16:41:24,350 - CannyEdgeDetector - INFO - Converting image to PNG: D:/Github Repositories/canny-edge-detector/images\dogs.png
2025-04-10 16:41:24,453 - CannyEdgeDetector - INFO - Processing image: D:\Github Repositories\canny-edge-detector\temp\tmp.png
2025-04-10 16:41:24,459 - CannyEdgeDetector - INFO - Detected 81 objects in image
2025-04-10 16:41:24,902 - CannyEdgeDetector - INFO - Converting image to PNG: D:/Github Repositories/canny-edge-detector/images\geckos.png
2025-04-10 16:41:24,994 - CannyEdgeDetector - INFO - Processing image: D:\Github Repositories\canny-edge-detector\temp\tmp.png
2025-04-10 16:41:25,002 - CannyEdgeDetector - INFO - Detected 7 objects in image
2025-04-10 16:41:25,217 - CannyEdgeDetector - INFO - Converting image to PNG: D:/Github Repositories/canny-edge-detector/images\knife.png
2025-04-10 16:41:25,285 - CannyEdgeDetector - INFO - Processing image: D:\Github Repositories\canny-edge-detector\temp\tmp.png
2025-04-10 16:41:25,293 - CannyEdgeDetector - INFO - Detected 1 objects in image
2025-04-10 16:41:27,738 - CannyEdgeDetector - INFO - Converting image to PNG: D:/Github Repositories/canny-edge-detector/images\bugs.jpg
2025-04-10 16:41:27,779 - CannyEdgeDetector - INFO - Processing image: D:\Github Repositories\canny-edge-detector\temp\tmp.png
2025-04-10 16:41:27,782 - CannyEdgeDetector - INFO - Detected 11 objects in image
2025-04-10 16:41:37,805 - CannyEdgeDetector - INFO - Converting image to PNG: D:/Github Repositories/canny-edge-detector/images\camomiles.jpg
2025-04-10 16:41:37,880 - CannyEdgeDetector - INFO - Processing image: D:\Github Repositories\canny-edge-detector\temp\tmp.png
2025-04-10 16:41:37,886 - CannyEdgeDetector - INFO - Detected 1 objects in image
2025-04-10 16:41:38,227 - CannyEdgeDetector - INFO - Converting image to PNG: D:/Github Repositories/canny-edge-detector/images\dogs.png
2025-04-10 16:41:38,334 - CannyEdgeDetector - INFO - Processing image: D:\Github Repositories\canny-edge-detector\temp\tmp.png
2025-04-10 16:41:38,340 - CannyEdgeDetector - INFO - Detected 81 objects in image
2025-04-10 16:41:46,595 - CannyEdgeDetector - INFO - Resetting viewer state
2025-04-10 16:41:46,596 - CannyEdgeDetector - INFO - Total object count reset
2025-04-10 16:41:46,597 - CannyEdgeDetector - INFO - Converting image to PNG: D:/Github Repositories/canny-edge-detector/images\bugs.jpg
2025-04-10 16:41:46,637 - CannyEdgeDetector - INFO - Processing image: D:\Github Repositories\canny-edge-detector\temp\tmp.png
2025-04-10 16:41:46,640 - CannyEdgeDetector - INFO - Detected 11 objects in image
2025-04-10 16:41:46,647 - CannyEdgeDetector - INFO - Total object count updated to: 11
2025-04-10 16:41:46,647 - CannyEdgeDetector - INFO - Converting image to PNG: D:/Github Repositories/canny-edge-detector/images\camomiles.jpg
2025-04-10 16:41:46,722 - CannyEdgeDetector - INFO - Processing image: D:\Github Repositories\canny-edge-detector\temp\tmp.png
2025-04-10 16:41:46,728 - CannyEdgeDetector - INFO - Detected 1 objects in image
2025-04-10 16:41:46,734 - CannyEdgeDetector - INFO - Total object count updated to: 12
2025-04-10 16:41:46,734 - CannyEdgeDetector - INFO - Converting image to PNG: D:/Github Repositories/canny-edge-detector/images\dogs.png
2025-04-10 16:41:46,826 - CannyEdgeDetector - INFO - Processing image: D:\Github Repositories\canny-edge-detector\temp\tmp.png
2025-04-10 16:41:46,832 - CannyEdgeDetector - INFO - Detected 81 objects in image
2025-04-10 16:41:46,838 - CannyEdgeDetector - INFO - Total object count updated to: 93
2025-04-10 16:41:46,838 - CannyEdgeDetector - INFO - Converting image to PNG: D:/Github Repositories/canny-edge-detector/images\geckos.png
2025-04-10 16:41:46,928 - CannyEdgeDetector - INFO - Processing image: D:\Github Repositories\canny-edge-detector\temp\tmp.png
2025-04-10 16:41:46,938 - CannyEdgeDetector - INFO - Detected 7 objects in image
2025-04-10 16:41:46,944 - CannyEdgeDetector - INFO - Total object count updated to: 100
2025-04-10 16:41:46,945 - CannyEdgeDetector - INFO - Converting image to PNG: D:/Github Repositories/canny-edge-detector/images\knife.png
2025-04-10 16:41:47,012 - CannyEdgeDetector - INFO - Processing image: D:\Github Repositories\canny-edge-detector\temp\tmp.png
2025-04-10 16:41:47,020 - CannyEdgeDetector - INFO - Detected 1 objects in image
2025-04-10 16:41:47,026 - CannyEdgeDetector - INFO - Total object count updated to: 101
2025-04-10 16:41:47,512 - CannyEdgeDetector - INFO - Converting image to PNG: D:/Github Repositories/canny-edge-detector/images\geckos.png
2025-04-10 16:41:47,603 - CannyEdgeDetector - INFO - Processing image: D:\Github Repositories\canny-edge-detector\temp\tmp.png
2025-04-10 16:41:47,612 - CannyEdgeDetector - INFO - Detected 7 objects in image
2025-04-10 16:41:48,162 - CannyEdgeDetector - INFO - Converting image to PNG: D:/Github Repositories/canny-edge-detector/images\dogs.png
2025-04-10 16:41:48,276 - CannyEdgeDetector - INFO - Processing image: D:\Github Repositories\canny-edge-detector\temp\tmp.png
2025-04-10 16:41:48,282 - CannyEdgeDetector - INFO - Detected 81 objects in image
2025-04-10 16:41:48,917 - CannyEdgeDetector - INFO - Converting image to PNG: D:/Github Repositories/canny-edge-detector/images\geckos.png
2025-04-10 16:41:49,008 - CannyEdgeDetector - INFO - Processing image: D:\Github Repositories\canny-edge-detector\temp\tmp.png
2025-04-10 16:41:49,017 - CannyEdgeDetector - INFO - Detected 7 objects in image
