2025-04-10 16:28:56,442 - CannyEdgeDetector - INFO - ImageViewer initialized
2025-04-10 16:28:56,442 - CannyEdgeDetector - INFO - EdgeDetector initialized
2025-04-10 16:29:06,509 - CannyEdgeDetector - INFO - Resetting viewer state
2025-04-10 16:29:06,510 - CannyEdgeDetector - INFO - Total object count reset
2025-04-10 16:29:06,512 - CannyEdgeDetector - INFO - Converting image to PNG: D:/Github Repositories/canny-edge-detector/images\bugs.jpg
2025-04-10 16:29:06,568 - CannyEdgeDetector - INFO - Processing image: D:\Github Repositories\canny-edge-detector\temp\tmp.png
2025-04-10 16:29:06,576 - CannyEdgeDetector - INFO - Detected 11 objects in image
2025-04-10 16:29:06,579 - CannyEdgeDetector - INFO - Total object count updated to: 11
2025-04-10 16:29:06,579 - CannyEdgeDetector - INFO - Converting image to PNG: D:/Github Repositories/canny-edge-detector/images\camomiles.jpg
2025-04-10 16:29:06,659 - CannyEdgeDetector - INFO - Processing image: D:\Github Repositories\canny-edge-detector\temp\tmp.png
2025-04-10 16:29:06,664 - CannyEdgeDetector - INFO - Detected 1 objects in image
2025-04-10 16:29:06,667 - CannyEdgeDetector - INFO - Total object count updated to: 12
2025-04-10 16:29:06,667 - CannyEdgeDetector - INFO - Converting image to PNG: D:/Github Repositories/canny-edge-detector/images\dogs.png
2025-04-10 16:29:06,829 - CannyEdgeDetector - INFO - Processing image: D:\Github Repositories\canny-edge-detector\temp\tmp.png
2025-04-10 16:29:06,835 - CannyEdgeDetector - INFO - Detected 81 objects in image
2025-04-10 16:29:06,837 - CannyEdgeDetector - INFO - Total object count updated to: 93
2025-04-10 16:29:06,837 - CannyEdgeDetector - INFO - Converting image to PNG: D:/Github Repositories/canny-edge-detector/images\geckos.png
2025-04-10 16:29:06,928 - CannyEdgeDetector - INFO - Processing image: D:\Github Repositories\canny-edge-detector\temp\tmp.png
2025-04-10 16:29:06,937 - CannyEdgeDetector - INFO - Detected 7 objects in image
2025-04-10 16:29:06,940 - CannyEdgeDetector - INFO - Total object count updated to: 100
2025-04-10 16:29:06,940 - CannyEdgeDetector - INFO - Converting image to PNG: D:/Github Repositories/canny-edge-detector/images\knife.png
2025-04-10 16:29:07,012 - CannyEdgeDetector - INFO - Processing image: D:\Github Repositories\canny-edge-detector\temp\tmp.png
2025-04-10 16:29:07,019 - CannyEdgeDetector - INFO - Detected 1 objects in image
2025-04-10 16:29:07,021 - CannyEdgeDetector - INFO - Total object count updated to: 101
