2025-04-10 16:59:45,426 - CannyEdgeDetector - INFO - ImageViewer initialized
2025-04-10 16:59:45,427 - CannyEdgeDetector - INFO - EdgeDetector initialized
2025-04-10 16:59:50,207 - CannyEdgeDetector - INFO - Resetting viewer state
2025-04-10 16:59:50,207 - CannyEdgeDetector - INFO - Total object count reset
2025-04-10 16:59:50,208 - CannyEdgeDetector - INFO - Converting image to PNG: D:/Github Repositories/canny-edge-detector/images\bugs.jpg
2025-04-10 16:59:50,269 - CannyEdgeDetector - INFO - Processing image: D:\Github Repositories\canny-edge-detector\temp\tmp.png
2025-04-10 16:59:50,276 - CannyEdgeDetector - INFO - Detected 11 objects in image
2025-04-10 16:59:50,283 - CannyEdgeDetector - INFO - Total object count updated to: 11
2025-04-10 16:59:50,284 - CannyEdgeDetector - INFO - Converting image to PNG: D:/Github Repositories/canny-edge-detector/images\camomiles.jpg
2025-04-10 16:59:50,360 - CannyEdgeDetector - INFO - Processing image: D:\Github Repositories\canny-edge-detector\temp\tmp.png
2025-04-10 16:59:50,365 - CannyEdgeDetector - INFO - Detected 1 objects in image
2025-04-10 16:59:50,375 - CannyEdgeDetector - INFO - Total object count updated to: 12
2025-04-10 16:59:50,375 - CannyEdgeDetector - INFO - Converting image to PNG: D:/Github Repositories/canny-edge-detector/images\dogs.png
2025-04-10 16:59:50,527 - CannyEdgeDetector - INFO - Processing image: D:\Github Repositories\canny-edge-detector\temp\tmp.png
2025-04-10 16:59:50,533 - CannyEdgeDetector - INFO - Detected 81 objects in image
2025-04-10 16:59:50,539 - CannyEdgeDetector - INFO - Total object count updated to: 93
2025-04-10 16:59:50,539 - CannyEdgeDetector - INFO - Converting image to PNG: D:/Github Repositories/canny-edge-detector/images\geckos.png
2025-04-10 16:59:50,631 - CannyEdgeDetector - INFO - Processing image: D:\Github Repositories\canny-edge-detector\temp\tmp.png
2025-04-10 16:59:50,640 - CannyEdgeDetector - INFO - Detected 7 objects in image
2025-04-10 16:59:50,646 - CannyEdgeDetector - INFO - Total object count updated to: 100
2025-04-10 16:59:50,647 - CannyEdgeDetector - INFO - Converting image to PNG: D:/Github Repositories/canny-edge-detector/images\knife.png
2025-04-10 16:59:50,717 - CannyEdgeDetector - INFO - Processing image: D:\Github Repositories\canny-edge-detector\temp\tmp.png
2025-04-10 16:59:50,725 - CannyEdgeDetector - INFO - Detected 1 objects in image
2025-04-10 16:59:50,731 - CannyEdgeDetector - INFO - Total object count updated to: 101
2025-04-10 16:59:51,157 - CannyEdgeDetector - INFO - Converting image to PNG: D:/Github Repositories/canny-edge-detector/images\camomiles.jpg
2025-04-10 16:59:51,256 - CannyEdgeDetector - INFO - Processing image: D:\Github Repositories\canny-edge-detector\temp\tmp.png
2025-04-10 16:59:51,261 - CannyEdgeDetector - INFO - Detected 1 objects in image
2025-04-10 16:59:51,754 - CannyEdgeDetector - INFO - Converting image to PNG: D:/Github Repositories/canny-edge-detector/images\dogs.png
2025-04-10 16:59:51,844 - CannyEdgeDetector - INFO - Processing image: D:\Github Repositories\canny-edge-detector\temp\tmp.png
2025-04-10 16:59:51,849 - CannyEdgeDetector - INFO - Detected 81 objects in image
2025-04-10 16:59:52,536 - CannyEdgeDetector - INFO - Converting image to PNG: D:/Github Repositories/canny-edge-detector/images\dogs.png
2025-04-10 16:59:52,640 - CannyEdgeDetector - INFO - Processing image: D:\Github Repositories\canny-edge-detector\temp\tmp.png
2025-04-10 16:59:52,646 - CannyEdgeDetector - INFO - Detected 81 objects in image
2025-04-10 16:59:52,764 - CannyEdgeDetector - INFO - Converting image to PNG: D:/Github Repositories/canny-edge-detector/images\geckos.png
2025-04-10 16:59:52,860 - CannyEdgeDetector - INFO - Processing image: D:\Github Repositories\canny-edge-detector\temp\tmp.png
2025-04-10 16:59:52,868 - CannyEdgeDetector - INFO - Detected 7 objects in image
2025-04-10 16:59:53,110 - CannyEdgeDetector - INFO - Converting image to PNG: D:/Github Repositories/canny-edge-detector/images\knife.png
2025-04-10 16:59:53,180 - CannyEdgeDetector - INFO - Processing image: D:\Github Repositories\canny-edge-detector\temp\tmp.png
2025-04-10 16:59:53,187 - CannyEdgeDetector - INFO - Detected 1 objects in image
2025-04-10 16:59:56,490 - CannyEdgeDetector - INFO - Converting image to PNG: D:/Github Repositories/canny-edge-detector/images\camomiles.jpg
2025-04-10 16:59:56,565 - CannyEdgeDetector - INFO - Processing image: D:\Github Repositories\canny-edge-detector\temp\tmp.png
2025-04-10 16:59:56,570 - CannyEdgeDetector - INFO - Detected 1 objects in image
2025-04-10 17:15:08,368 - CannyEdgeDetector - INFO - Converting image to PNG: D:/Github Repositories/canny-edge-detector/images\knife.png
2025-04-10 17:15:08,455 - CannyEdgeDetector - INFO - Processing image: D:\Github Repositories\canny-edge-detector\temp\tmp.png
2025-04-10 17:15:08,460 - CannyEdgeDetector - INFO - Detected 1 objects in image
2025-04-10 17:15:13,558 - CannyEdgeDetector - INFO - Converting image to PNG: D:/Github Repositories/canny-edge-detector/images\camomiles.jpg
2025-04-10 17:15:13,633 - CannyEdgeDetector - INFO - Processing image: D:\Github Repositories\canny-edge-detector\temp\tmp.png
2025-04-10 17:15:13,637 - CannyEdgeDetector - INFO - Detected 1 objects in image
2025-04-10 17:15:14,508 - CannyEdgeDetector - INFO - Resetting viewer state
2025-04-10 17:15:14,509 - CannyEdgeDetector - INFO - Total object count reset
2025-04-10 17:15:14,510 - CannyEdgeDetector - INFO - Converting image to PNG: D:/Github Repositories/canny-edge-detector/images\bugs.jpg
2025-04-10 17:15:14,549 - CannyEdgeDetector - INFO - Processing image: D:\Github Repositories\canny-edge-detector\temp\tmp.png
2025-04-10 17:15:14,552 - CannyEdgeDetector - INFO - Detected 11 objects in image
2025-04-10 17:15:14,559 - CannyEdgeDetector - INFO - Total object count updated to: 11
2025-04-10 17:15:14,560 - CannyEdgeDetector - INFO - Converting image to PNG: D:/Github Repositories/canny-edge-detector/images\camomiles.jpg
2025-04-10 17:15:14,636 - CannyEdgeDetector - INFO - Processing image: D:\Github Repositories\canny-edge-detector\temp\tmp.png
2025-04-10 17:15:14,641 - CannyEdgeDetector - INFO - Detected 1 objects in image
2025-04-10 17:15:14,648 - CannyEdgeDetector - INFO - Total object count updated to: 12
2025-04-10 17:15:14,649 - CannyEdgeDetector - INFO - Converting image to PNG: D:/Github Repositories/canny-edge-detector/images\dogs.png
2025-04-10 17:15:14,739 - CannyEdgeDetector - INFO - Processing image: D:\Github Repositories\canny-edge-detector\temp\tmp.png
2025-04-10 17:15:14,743 - CannyEdgeDetector - INFO - Detected 12 objects in image
2025-04-10 17:15:14,749 - CannyEdgeDetector - INFO - Total object count updated to: 24
2025-04-10 17:15:14,749 - CannyEdgeDetector - INFO - Converting image to PNG: D:/Github Repositories/canny-edge-detector/images\geckos.png
2025-04-10 17:15:14,841 - CannyEdgeDetector - INFO - Processing image: D:\Github Repositories\canny-edge-detector\temp\tmp.png
2025-04-10 17:15:14,876 - CannyEdgeDetector - INFO - Detected 7 objects in image
2025-04-10 17:15:14,883 - CannyEdgeDetector - INFO - Total object count updated to: 31
2025-04-10 17:15:14,884 - CannyEdgeDetector - INFO - Converting image to PNG: D:/Github Repositories/canny-edge-detector/images\knife.png
2025-04-10 17:15:14,967 - CannyEdgeDetector - INFO - Processing image: D:\Github Repositories\canny-edge-detector\temp\tmp.png
2025-04-10 17:15:14,973 - CannyEdgeDetector - INFO - Detected 1 objects in image
2025-04-10 17:15:14,980 - CannyEdgeDetector - INFO - Total object count updated to: 32
2025-04-10 17:15:15,892 - CannyEdgeDetector - INFO - Resetting viewer state
2025-04-10 17:15:15,893 - CannyEdgeDetector - INFO - Total object count reset
2025-04-10 17:15:15,894 - CannyEdgeDetector - INFO - Converting image to PNG: D:/Github Repositories/canny-edge-detector/images\bugs.jpg
2025-04-10 17:15:15,932 - CannyEdgeDetector - INFO - Processing image: D:\Github Repositories\canny-edge-detector\temp\tmp.png
2025-04-10 17:15:15,936 - CannyEdgeDetector - INFO - Detected 11 objects in image
2025-04-10 17:15:15,945 - CannyEdgeDetector - INFO - Total object count updated to: 11
2025-04-10 17:15:15,945 - CannyEdgeDetector - INFO - Converting image to PNG: D:/Github Repositories/canny-edge-detector/images\camomiles.jpg
2025-04-10 17:15:16,025 - CannyEdgeDetector - INFO - Processing image: D:\Github Repositories\canny-edge-detector\temp\tmp.png
2025-04-10 17:15:16,028 - CannyEdgeDetector - INFO - Detected 1 objects in image
2025-04-10 17:15:16,036 - CannyEdgeDetector - INFO - Total object count updated to: 12
2025-04-10 17:15:16,036 - CannyEdgeDetector - INFO - Converting image to PNG: D:/Github Repositories/canny-edge-detector/images\dogs.png
2025-04-10 17:15:16,133 - CannyEdgeDetector - INFO - Processing image: D:\Github Repositories\canny-edge-detector\temp\tmp.png
2025-04-10 17:15:16,137 - CannyEdgeDetector - INFO - Detected 12 objects in image
2025-04-10 17:15:16,143 - CannyEdgeDetector - INFO - Total object count updated to: 24
2025-04-10 17:15:16,143 - CannyEdgeDetector - INFO - Converting image to PNG: D:/Github Repositories/canny-edge-detector/images\geckos.png
2025-04-10 17:15:16,239 - CannyEdgeDetector - INFO - Processing image: D:\Github Repositories\canny-edge-detector\temp\tmp.png
2025-04-10 17:15:16,248 - CannyEdgeDetector - INFO - Detected 7 objects in image
2025-04-10 17:15:16,256 - CannyEdgeDetector - INFO - Total object count updated to: 31
2025-04-10 17:15:16,256 - CannyEdgeDetector - INFO - Converting image to PNG: D:/Github Repositories/canny-edge-detector/images\knife.png
2025-04-10 17:15:16,325 - CannyEdgeDetector - INFO - Processing image: D:\Github Repositories\canny-edge-detector\temp\tmp.png
2025-04-10 17:15:16,330 - CannyEdgeDetector - INFO - Detected 1 objects in image
2025-04-10 17:15:16,336 - CannyEdgeDetector - INFO - Total object count updated to: 32
2025-04-10 17:15:20,272 - CannyEdgeDetector - INFO - Resetting viewer state
2025-04-10 17:15:20,273 - CannyEdgeDetector - INFO - Total object count reset
2025-04-10 17:15:20,274 - CannyEdgeDetector - INFO - Converting image to PNG: D:/Github Repositories/canny-edge-detector/images\bugs.jpg
2025-04-10 17:15:20,311 - CannyEdgeDetector - INFO - Processing image: D:\Github Repositories\canny-edge-detector\temp\tmp.png
2025-04-10 17:15:20,315 - CannyEdgeDetector - INFO - Detected 14 objects in image
2025-04-10 17:15:20,321 - CannyEdgeDetector - INFO - Total object count updated to: 14
2025-04-10 17:15:20,321 - CannyEdgeDetector - INFO - Converting image to PNG: D:/Github Repositories/canny-edge-detector/images\camomiles.jpg
2025-04-10 17:15:20,396 - CannyEdgeDetector - INFO - Processing image: D:\Github Repositories\canny-edge-detector\temp\tmp.png
2025-04-10 17:15:20,401 - CannyEdgeDetector - INFO - Detected 12 objects in image
2025-04-10 17:15:20,407 - CannyEdgeDetector - INFO - Total object count updated to: 26
2025-04-10 17:15:20,408 - CannyEdgeDetector - INFO - Converting image to PNG: D:/Github Repositories/canny-edge-detector/images\dogs.png
2025-04-10 17:15:20,497 - CannyEdgeDetector - INFO - Processing image: D:\Github Repositories\canny-edge-detector\temp\tmp.png
2025-04-10 17:15:20,501 - CannyEdgeDetector - INFO - Detected 14 objects in image
2025-04-10 17:15:20,507 - CannyEdgeDetector - INFO - Total object count updated to: 40
2025-04-10 17:15:20,507 - CannyEdgeDetector - INFO - Converting image to PNG: D:/Github Repositories/canny-edge-detector/images\geckos.png
2025-04-10 17:15:20,598 - CannyEdgeDetector - INFO - Processing image: D:\Github Repositories\canny-edge-detector\temp\tmp.png
2025-04-10 17:15:20,605 - CannyEdgeDetector - INFO - Detected 19 objects in image
2025-04-10 17:15:20,612 - CannyEdgeDetector - INFO - Total object count updated to: 59
2025-04-10 17:15:20,612 - CannyEdgeDetector - INFO - Converting image to PNG: D:/Github Repositories/canny-edge-detector/images\knife.png
2025-04-10 17:15:20,681 - CannyEdgeDetector - INFO - Processing image: D:\Github Repositories\canny-edge-detector\temp\tmp.png
2025-04-10 17:15:20,686 - CannyEdgeDetector - INFO - Detected 1 objects in image
2025-04-10 17:15:20,692 - CannyEdgeDetector - INFO - Total object count updated to: 60
2025-04-10 17:15:21,126 - CannyEdgeDetector - INFO - Converting image to PNG: D:/Github Repositories/canny-edge-detector/images\dogs.png
2025-04-10 17:15:21,214 - CannyEdgeDetector - INFO - Processing image: D:\Github Repositories\canny-edge-detector\temp\tmp.png
2025-04-10 17:15:21,218 - CannyEdgeDetector - INFO - Detected 14 objects in image
2025-04-10 17:15:21,934 - CannyEdgeDetector - INFO - Converting image to PNG: D:/Github Repositories/canny-edge-detector/images\dogs.png
2025-04-10 17:15:22,022 - CannyEdgeDetector - INFO - Processing image: D:\Github Repositories\canny-edge-detector\temp\tmp.png
2025-04-10 17:15:22,025 - CannyEdgeDetector - INFO - Detected 14 objects in image
2025-04-10 17:15:22,490 - CannyEdgeDetector - INFO - Converting image to PNG: D:/Github Repositories/canny-edge-detector/images\geckos.png
2025-04-10 17:15:22,579 - CannyEdgeDetector - INFO - Processing image: D:\Github Repositories\canny-edge-detector\temp\tmp.png
2025-04-10 17:15:22,588 - CannyEdgeDetector - INFO - Detected 19 objects in image
